{"level":"info","message":"Server running in development mode on port 5000","service":"asset-management-api","timestamp":"2025-10-27 02:44:10"}
{"level":"info","message":"API Documentation available at http://localhost:5000/api-docs","service":"asset-management-api","timestamp":"2025-10-27 02:44:10"}
{"level":"info","message":"Database connection established","service":"asset-management-api","timestamp":"2025-10-27 02:44:12"}
{"level":"info","message":"Server running in development mode on port 5000","service":"asset-management-api","timestamp":"2025-10-27 03:00:52"}
{"level":"info","message":"API Documentation available at http://localhost:5000/api-docs","service":"asset-management-api","timestamp":"2025-10-27 03:00:52"}
{"level":"info","message":"Database connection established","service":"asset-management-api","timestamp":"2025-10-27 03:00:53"}
{"level":"info","message":"::1 - anonymous [none] \"GET /api-docs HTTP/1.1\" 301 158 - 11.266 ms","service":"asset-management-api","timestamp":"2025-10-27 03:01:06"}
{"level":"info","message":"::1 - anonymous [none] \"GET /api-docs/ HTTP/1.1\" 200 3149 - 4.760 ms","service":"asset-management-api","timestamp":"2025-10-27 03:01:07"}
{"level":"info","message":"::1 - anonymous [none] \"GET /api-docs/swagger-ui.css HTTP/1.1\" 200 155212 - 5.308 ms","service":"asset-management-api","timestamp":"2025-10-27 03:01:07"}
{"level":"info","message":"::1 - anonymous [none] \"GET /api-docs/swagger-ui-init.js HTTP/1.1\" 200 9830 - 10.965 ms","service":"asset-management-api","timestamp":"2025-10-27 03:01:07"}
{"level":"info","message":"::1 - anonymous [none] \"GET /api-docs/swagger-ui-standalone-preset.js HTTP/1.1\" 200 250335 - 16.886 ms","service":"asset-management-api","timestamp":"2025-10-27 03:01:07"}
{"level":"info","message":"::1 - anonymous [none] \"GET /api-docs/swagger-ui-bundle.js HTTP/1.1\" 200 1510312 - 20.897 ms","service":"asset-management-api","timestamp":"2025-10-27 03:01:07"}
{"level":"info","message":"::1 - anonymous [none] \"GET /api-docs/favicon-32x32.png HTTP/1.1\" 200 628 - 2.318 ms","service":"asset-management-api","timestamp":"2025-10-27 03:01:07"}
{"level":"info","message":"Server running in development mode on port 5000","service":"asset-management-api","timestamp":"2025-10-27 15:42:24"}
{"level":"info","message":"API Documentation available at http://localhost:5000/api-docs","service":"asset-management-api","timestamp":"2025-10-27 15:42:24"}
{"level":"info","message":"Database connection established","service":"asset-management-api","timestamp":"2025-10-27 15:42:26"}
{"level":"info","message":"::1 - anonymous [none] \"GET /api/users/profile HTTP/1.1\" 401 48 - 57.020 ms","service":"asset-management-api","timestamp":"2025-10-27 15:43:21"}
{"level":"info","message":"::1 - anonymous [none] \"GET /api/users/profile HTTP/1.1\" 401 48 - 125.992 ms","service":"asset-management-api","timestamp":"2025-10-27 15:43:21"}
{"level":"info","message":"::1 - anonymous [none] \"POST /api/auth/login HTTP/1.1\" 200 383 - 576.500 ms","service":"asset-management-api","timestamp":"2025-10-27 15:44:01"}
{"level":"info","message":"::1 - 68fe69cd58c0596884c56825 [ADMIN] \"GET /api/dashboard/stats HTTP/1.1\" 304 - - 1496.792 ms","service":"asset-management-api","timestamp":"2025-10-27 15:44:03"}
{"level":"info","message":"::1 - 68fe69cd58c0596884c56825 [ADMIN] \"GET /api/dashboard/stats HTTP/1.1\" 304 - - 212.758 ms","service":"asset-management-api","timestamp":"2025-10-27 15:44:03"}
{"level":"info","message":"::1 - 68fe69cd58c0596884c56825 [ADMIN] \"GET /api/users HTTP/1.1\" 200 2953 - 208.031 ms","service":"asset-management-api","timestamp":"2025-10-27 15:44:12"}
{"level":"info","message":"::1 - 68fe69cd58c0596884c56825 [ADMIN] \"GET /api/users HTTP/1.1\" 200 2953 - 175.251 ms","service":"asset-management-api","timestamp":"2025-10-27 15:44:13"}
{"level":"info","message":"::1 - 68fe69cd58c0596884c56825 [ADMIN] \"PUT /api/users/68fe765de8a4008dc3603d24 HTTP/1.1\" 200 402 - 252.473 ms","service":"asset-management-api","timestamp":"2025-10-27 15:45:05"}
{"level":"info","message":"::1 - 68fe69cd58c0596884c56825 [ADMIN] \"GET /api/users HTTP/1.1\" 200 2946 - 169.215 ms","service":"asset-management-api","timestamp":"2025-10-27 15:45:05"}
{"level":"info","message":"::1 - 68fe69cd58c0596884c56825 [ADMIN] \"PUT /api/users/68fe765de8a4008dc3603d24 HTTP/1.1\" 200 403 - 196.819 ms","service":"asset-management-api","timestamp":"2025-10-27 15:46:44"}
{"level":"info","message":"::1 - 68fe69cd58c0596884c56825 [ADMIN] \"GET /api/users HTTP/1.1\" 200 2947 - 171.666 ms","service":"asset-management-api","timestamp":"2025-10-27 15:46:44"}
{"level":"info","message":"::1 - 68fe69cd58c0596884c56825 [ADMIN] \"GET /api/users HTTP/1.1\" 200 2947 - 1823.719 ms","service":"asset-management-api","timestamp":"2025-10-27 15:52:34"}
{"level":"info","message":"::1 - anonymous [none] \"GET /api/users HTTP/1.1\" 401 36 - 5054.108 ms","service":"asset-management-api","timestamp":"2025-10-27 15:54:05"}
{"level":"info","message":"Server running in development mode on port 5000","service":"asset-management-api","timestamp":"2025-10-27 15:54:33"}
{"level":"info","message":"API Documentation available at http://localhost:5000/api-docs","service":"asset-management-api","timestamp":"2025-10-27 15:54:33"}
{"level":"info","message":"Server running in development mode on port 5000","service":"asset-management-api","timestamp":"2025-10-27 16:08:50"}
{"level":"info","message":"API Documentation available at http://localhost:5000/api-docs","service":"asset-management-api","timestamp":"2025-10-27 16:08:50"}
{"level":"info","message":"Database connection established","service":"asset-management-api","timestamp":"2025-10-27 16:08:51"}
{"level":"info","message":"::1 - anonymous [none] \"POST /api/auth/login HTTP/1.1\" 200 383 - 330.786 ms","service":"asset-management-api","timestamp":"2025-10-27 16:09:10"}
{"level":"info","message":"::1 - 68fe69cd58c0596884c56825 [ADMIN] \"GET /api/dashboard/stats HTTP/1.1\" 200 301 - 547.380 ms","service":"asset-management-api","timestamp":"2025-10-27 16:09:11"}
{"level":"info","message":"::1 - 68fe69cd58c0596884c56825 [ADMIN] \"GET /api/dashboard/stats HTTP/1.1\" 304 - - 142.508 ms","service":"asset-management-api","timestamp":"2025-10-27 16:09:11"}
{"level":"info","message":"::1 - 68fe69cd58c0596884c56825 [ADMIN] \"GET /api/users HTTP/1.1\" 200 2947 - 633.236 ms","service":"asset-management-api","timestamp":"2025-10-27 16:12:15"}
{"level":"info","message":"::1 - 68fe69cd58c0596884c56825 [ADMIN] \"GET /api/users HTTP/1.1\" 200 2947 - 109.381 ms","service":"asset-management-api","timestamp":"2025-10-27 16:12:15"}
{"level":"info","message":"::1 - 68fe69cd58c0596884c56825 [ADMIN] \"PUT /api/users/68fe69cf58c0596884c56837 HTTP/1.1\" 200 447 - 162.884 ms","service":"asset-management-api","timestamp":"2025-10-27 16:12:22"}
{"level":"info","message":"::1 - 68fe69cd58c0596884c56825 [ADMIN] \"GET /api/users HTTP/1.1\" 200 2948 - 116.031 ms","service":"asset-management-api","timestamp":"2025-10-27 16:12:22"}
{"level":"info","message":"::1 - 68fe69cd58c0596884c56825 [ADMIN] \"PUT /api/users/68fe69cf58c0596884c56837 HTTP/1.1\" 200 446 - 131.310 ms","service":"asset-management-api","timestamp":"2025-10-27 16:12:43"}
{"level":"info","message":"::1 - 68fe69cd58c0596884c56825 [ADMIN] \"GET /api/users HTTP/1.1\" 200 2947 - 118.244 ms","service":"asset-management-api","timestamp":"2025-10-27 16:12:43"}
{"level":"info","message":"::1 - 68fe69cd58c0596884c56825 [ADMIN] \"PUT /api/users/68fe765de8a4008dc3603d24 HTTP/1.1\" 200 402 - 134.963 ms","service":"asset-management-api","timestamp":"2025-10-27 16:13:01"}
{"level":"info","message":"::1 - 68fe69cd58c0596884c56825 [ADMIN] \"GET /api/users HTTP/1.1\" 200 2946 - 117.059 ms","service":"asset-management-api","timestamp":"2025-10-27 16:13:01"}
{"level":"info","message":"::1 - 68fe69cd58c0596884c56825 [ADMIN] \"DELETE /api/assets/1 HTTP/1.1\" 500 103 - 67.813 ms","service":"asset-management-api","timestamp":"2025-10-27 16:13:41"}
{"level":"info","message":"::1 - 68fe69cd58c0596884c56825 [ADMIN] \"GET /api/assets HTTP/1.1\" 200 47687 - 4005.687 ms","service":"asset-management-api","timestamp":"2025-10-27 16:22:16"}
{"level":"info","message":"::1 - 68fe69cd58c0596884c56825 [ADMIN] \"GET /api/assets HTTP/1.1\" 304 - - 357.827 ms","service":"asset-management-api","timestamp":"2025-10-27 16:22:16"}
{"level":"info","message":"::1 - 68fe69cd58c0596884c56825 [ADMIN] \"GET /api/users/profile HTTP/1.1\" 200 287 - 152.433 ms","service":"asset-management-api","timestamp":"2025-10-27 16:22:24"}
{"level":"info","message":"::1 - 68fe69cd58c0596884c56825 [ADMIN] \"GET /api/users/profile HTTP/1.1\" 304 - - 175.736 ms","service":"asset-management-api","timestamp":"2025-10-27 16:22:24"}
{"level":"info","message":"::1 - 68fe69cd58c0596884c56825 [ADMIN] \"GET /api/assets HTTP/1.1\" 304 - - 922.697 ms","service":"asset-management-api","timestamp":"2025-10-27 16:22:25"}
{"level":"info","message":"::1 - 68fe69cd58c0596884c56825 [ADMIN] \"GET /api/assets HTTP/1.1\" 304 - - 384.455 ms","service":"asset-management-api","timestamp":"2025-10-27 16:22:25"}
{"level":"info","message":"::1 - anonymous [none] \"GET /api/users/profile HTTP/1.1\" 401 36 - 24289.961 ms","service":"asset-management-api","timestamp":"2025-10-27 16:22:59"}
{"level":"info","message":"::1 - anonymous [none] \"GET /api/users/profile HTTP/1.1\" 401 36 - 5005.775 ms","service":"asset-management-api","timestamp":"2025-10-27 16:23:00"}
{"level":"info","message":"::1 - anonymous [none] \"POST /api/auth/login HTTP/1.1\" 200 383 - 1321.456 ms","service":"asset-management-api","timestamp":"2025-10-27 16:31:01"}
{"level":"info","message":"::1 - 68fe69cd58c0596884c56825 [ADMIN] \"GET /api/dashboard/stats HTTP/1.1\" 200 301 - 727.196 ms","service":"asset-management-api","timestamp":"2025-10-27 16:31:02"}
{"level":"info","message":"::1 - 68fe69cd58c0596884c56825 [ADMIN] \"GET /api/dashboard/stats HTTP/1.1\" 304 - - 755.868 ms","service":"asset-management-api","timestamp":"2025-10-27 16:31:03"}
{"level":"info","message":"::1 - 68fe69cd58c0596884c56825 [ADMIN] \"GET /api/assets HTTP/1.1\" 304 - - 462.313 ms","service":"asset-management-api","timestamp":"2025-10-27 16:31:08"}
{"level":"info","message":"::1 - 68fe69cd58c0596884c56825 [ADMIN] \"GET /api/assets HTTP/1.1\" 304 - - 286.211 ms","service":"asset-management-api","timestamp":"2025-10-27 16:31:09"}
{"level":"info","message":"::1 - 68fe69cd58c0596884c56825 [ADMIN] \"GET /api/users/profile HTTP/1.1\" 200 287 - 165.454 ms","service":"asset-management-api","timestamp":"2025-10-27 16:31:10"}
{"level":"info","message":"::1 - 68fe69cd58c0596884c56825 [ADMIN] \"GET /api/users/profile HTTP/1.1\" 304 - - 196.668 ms","service":"asset-management-api","timestamp":"2025-10-27 16:31:11"}
{"level":"info","message":"::1 - 68fe69cd58c0596884c56825 [ADMIN] \"GET /api/assets HTTP/1.1\" 304 - - 467.676 ms","service":"asset-management-api","timestamp":"2025-10-27 16:31:11"}
{"level":"info","message":"::1 - 68fe69cd58c0596884c56825 [ADMIN] \"GET /api/assets HTTP/1.1\" 304 - - 303.750 ms","service":"asset-management-api","timestamp":"2025-10-27 16:31:11"}
{"level":"info","message":"::1 - 68fe69cd58c0596884c56825 [ADMIN] \"GET /api/users/profile HTTP/1.1\" 304 - - 255.387 ms","service":"asset-management-api","timestamp":"2025-10-27 16:31:19"}
{"level":"info","message":"::1 - 68fe69cd58c0596884c56825 [ADMIN] \"GET /api/users/profile HTTP/1.1\" 304 - - 278.556 ms","service":"asset-management-api","timestamp":"2025-10-27 16:31:19"}
{"level":"info","message":"::1 - 68fe69cd58c0596884c56825 [ADMIN] \"GET /api/dashboard/stats HTTP/1.1\" 304 - - 1094.852 ms","service":"asset-management-api","timestamp":"2025-10-27 16:31:20"}
{"level":"info","message":"::1 - 68fe69cd58c0596884c56825 [ADMIN] \"GET /api/dashboard/stats HTTP/1.1\" 304 - - 753.986 ms","service":"asset-management-api","timestamp":"2025-10-27 16:31:21"}
{"level":"info","message":"::1 - 68fe69cd58c0596884c56825 [ADMIN] \"GET /api/dashboard/stats HTTP/1.1\" 304 - - 7202.125 ms","service":"asset-management-api","timestamp":"2025-10-27 16:37:23"}
{"level":"info","message":"::1 - 68fe69cd58c0596884c56825 [ADMIN] \"GET /api/dashboard/stats HTTP/1.1\" 304 - - 15820.327 ms","service":"asset-management-api","timestamp":"2025-10-27 16:47:31"}
{"level":"info","message":"Server running in development mode on port 5000","service":"asset-management-api","timestamp":"2025-10-27 16:54:57"}
{"level":"info","message":"API Documentation available at http://localhost:5000/api-docs","service":"asset-management-api","timestamp":"2025-10-27 16:54:57"}
{"level":"info","message":"Database connection established","service":"asset-management-api","timestamp":"2025-10-27 16:54:58"}
{"level":"info","message":"::1 - 68fe69cd58c0596884c56825 [ADMIN] \"GET /api/users/profile HTTP/1.1\" - - - - ms","service":"asset-management-api","timestamp":"2025-10-27 16:55:13"}
{"level":"info","message":"::1 - 68fe69cd58c0596884c56825 [ADMIN] \"GET /api/users/profile HTTP/1.1\" 200 287 - 581.593 ms","service":"asset-management-api","timestamp":"2025-10-27 16:55:17"}
{"level":"info","message":"::1 - 68fe69cd58c0596884c56825 [ADMIN] \"GET /api/users/profile HTTP/1.1\" 304 - - 352.059 ms","service":"asset-management-api","timestamp":"2025-10-27 16:55:18"}
{"level":"info","message":"::1 - 68fe69cd58c0596884c56825 [ADMIN] \"GET /api/dashboard/stats HTTP/1.1\" 304 - - 563.197 ms","service":"asset-management-api","timestamp":"2025-10-27 16:55:18"}
{"level":"info","message":"::1 - 68fe69cd58c0596884c56825 [ADMIN] \"GET /api/dashboard/stats HTTP/1.1\" 304 - - 155.341 ms","service":"asset-management-api","timestamp":"2025-10-27 16:55:18"}
{"level":"info","message":"::1 - 68fe69cd58c0596884c56825 [ADMIN] \"GET /api/assets HTTP/1.1\" 304 - - 747.156 ms","service":"asset-management-api","timestamp":"2025-10-27 16:55:49"}
{"level":"info","message":"::1 - 68fe69cd58c0596884c56825 [ADMIN] \"GET /api/assets HTTP/1.1\" 304 - - 491.999 ms","service":"asset-management-api","timestamp":"2025-10-27 16:55:50"}
{"level":"info","message":"::1 - 68fe69cd58c0596884c56825 [ADMIN] \"GET /api/users/profile HTTP/1.1\" 304 - - 117.226 ms","service":"asset-management-api","timestamp":"2025-10-27 16:55:58"}
{"level":"info","message":"::1 - 68fe69cd58c0596884c56825 [ADMIN] \"GET /api/users/profile HTTP/1.1\" 304 - - 113.203 ms","service":"asset-management-api","timestamp":"2025-10-27 16:55:58"}
{"level":"info","message":"::1 - 68fe69cd58c0596884c56825 [ADMIN] \"GET /api/dashboard/stats HTTP/1.1\" 304 - - 161.472 ms","service":"asset-management-api","timestamp":"2025-10-27 16:55:58"}
{"level":"info","message":"::1 - 68fe69cd58c0596884c56825 [ADMIN] \"GET /api/dashboard/stats HTTP/1.1\" 304 - - 119.515 ms","service":"asset-management-api","timestamp":"2025-10-27 16:55:58"}
{"level":"info","message":"::1 - 68fe69cd58c0596884c56825 [ADMIN] \"GET /api/assets HTTP/1.1\" 304 - - 374.565 ms","service":"asset-management-api","timestamp":"2025-10-27 16:56:09"}
{"level":"info","message":"::1 - 68fe69cd58c0596884c56825 [ADMIN] \"GET /api/assets HTTP/1.1\" 304 - - 324.321 ms","service":"asset-management-api","timestamp":"2025-10-27 16:56:09"}
{"level":"info","message":"::1 - 68fe69cd58c0596884c56825 [ADMIN] \"GET /api/users/profile HTTP/1.1\" 304 - - 104.104 ms","service":"asset-management-api","timestamp":"2025-10-27 16:56:13"}
{"level":"info","message":"::1 - 68fe69cd58c0596884c56825 [ADMIN] \"GET /api/users/profile HTTP/1.1\" 304 - - 119.947 ms","service":"asset-management-api","timestamp":"2025-10-27 16:56:13"}
{"level":"info","message":"::1 - 68fe69cd58c0596884c56825 [ADMIN] \"GET /api/assets HTTP/1.1\" 304 - - 298.940 ms","service":"asset-management-api","timestamp":"2025-10-27 16:56:14"}
{"level":"info","message":"::1 - 68fe69cd58c0596884c56825 [ADMIN] \"GET /api/assets HTTP/1.1\" 304 - - 213.811 ms","service":"asset-management-api","timestamp":"2025-10-27 16:56:14"}
{"level":"info","message":"::1 - 68fe69cd58c0596884c56825 [ADMIN] \"GET /api/users/profile HTTP/1.1\" 304 - - 231.270 ms","service":"asset-management-api","timestamp":"2025-10-27 16:56:44"}
{"level":"info","message":"::1 - 68fe69cd58c0596884c56825 [ADMIN] \"GET /api/users/profile HTTP/1.1\" 304 - - 164.520 ms","service":"asset-management-api","timestamp":"2025-10-27 16:56:44"}
{"level":"info","message":"::1 - 68fe69cd58c0596884c56825 [ADMIN] \"GET /api/dashboard/stats HTTP/1.1\" 304 - - 177.850 ms","service":"asset-management-api","timestamp":"2025-10-27 16:56:44"}
{"level":"info","message":"::1 - 68fe69cd58c0596884c56825 [ADMIN] \"GET /api/dashboard/stats HTTP/1.1\" 304 - - 159.010 ms","service":"asset-management-api","timestamp":"2025-10-27 16:56:44"}
{"level":"info","message":"::1 - anonymous [none] \"GET /api/dashboard/stats HTTP/1.1\" 401 36 - 5071.890 ms","service":"asset-management-api","timestamp":"2025-10-27 17:02:00"}
{"level":"info","message":"::1 - anonymous [none] \"POST /api/auth/login HTTP/1.1\" 200 383 - 952.438 ms","service":"asset-management-api","timestamp":"2025-10-27 17:05:30"}
{"level":"info","message":"::1 - 68fe69cd58c0596884c56825 [ADMIN] \"GET /api/dashboard/stats HTTP/1.1\" 304 - - 872.918 ms","service":"asset-management-api","timestamp":"2025-10-27 17:05:31"}
{"level":"info","message":"::1 - 68fe69cd58c0596884c56825 [ADMIN] \"GET /api/dashboard/stats HTTP/1.1\" 304 - - 466.224 ms","service":"asset-management-api","timestamp":"2025-10-27 17:05:31"}
{"level":"info","message":"::1 - 68fe69cd58c0596884c56825 [ADMIN] \"GET /api/assets HTTP/1.1\" 304 - - 379.709 ms","service":"asset-management-api","timestamp":"2025-10-27 17:05:42"}
{"level":"info","message":"::1 - 68fe69cd58c0596884c56825 [ADMIN] \"GET /api/assets HTTP/1.1\" 304 - - 289.752 ms","service":"asset-management-api","timestamp":"2025-10-27 17:05:43"}
{"level":"info","message":"::1 - 68fe69cd58c0596884c56825 [ADMIN] \"GET /api/users/profile HTTP/1.1\" 200 287 - 113.768 ms","service":"asset-management-api","timestamp":"2025-10-27 17:05:51"}
{"level":"info","message":"::1 - 68fe69cd58c0596884c56825 [ADMIN] \"GET /api/users/profile HTTP/1.1\" 304 - - 109.642 ms","service":"asset-management-api","timestamp":"2025-10-27 17:05:51"}
{"level":"info","message":"::1 - 68fe69cd58c0596884c56825 [ADMIN] \"GET /api/assets HTTP/1.1\" 304 - - 261.860 ms","service":"asset-management-api","timestamp":"2025-10-27 17:05:52"}
{"level":"info","message":"::1 - 68fe69cd58c0596884c56825 [ADMIN] \"GET /api/assets HTTP/1.1\" 304 - - 271.412 ms","service":"asset-management-api","timestamp":"2025-10-27 17:05:52"}
{"level":"info","message":"::1 - 68fe69cd58c0596884c56825 [ADMIN] \"GET /api/users/profile HTTP/1.1\" 304 - - 143.659 ms","service":"asset-management-api","timestamp":"2025-10-27 17:06:12"}
{"level":"info","message":"::1 - 68fe69cd58c0596884c56825 [ADMIN] \"GET /api/users/profile HTTP/1.1\" 304 - - 208.974 ms","service":"asset-management-api","timestamp":"2025-10-27 17:06:12"}
{"level":"info","message":"::1 - 68fe69cd58c0596884c56825 [ADMIN] \"GET /api/dashboard/stats HTTP/1.1\" 304 - - 552.152 ms","service":"asset-management-api","timestamp":"2025-10-27 17:06:15"}
{"level":"info","message":"::1 - 68fe69cd58c0596884c56825 [ADMIN] \"GET /api/dashboard/stats HTTP/1.1\" 304 - - 399.477 ms","service":"asset-management-api","timestamp":"2025-10-27 17:06:16"}
{"level":"info","message":"::1 - 68fe69cd58c0596884c56825 [ADMIN] \"GET /api/users HTTP/1.1\" 200 2946 - 134.531 ms","service":"asset-management-api","timestamp":"2025-10-27 17:07:03"}
{"level":"info","message":"::1 - 68fe69cd58c0596884c56825 [ADMIN] \"GET /api/users HTTP/1.1\" 200 2946 - 117.846 ms","service":"asset-management-api","timestamp":"2025-10-27 17:07:04"}
{"level":"info","message":"::1 - 68fe69cd58c0596884c56825 [ADMIN] \"PUT /api/users/68fe765de8a4008dc3603d24 HTTP/1.1\" 200 403 - 161.108 ms","service":"asset-management-api","timestamp":"2025-10-27 17:07:08"}
{"level":"info","message":"::1 - 68fe69cd58c0596884c56825 [ADMIN] \"GET /api/users HTTP/1.1\" 200 2947 - 121.843 ms","service":"asset-management-api","timestamp":"2025-10-27 17:07:08"}
{"level":"info","message":"::1 - 68fe69cd58c0596884c56825 [ADMIN] \"GET /api/users?_t=1761565067736 HTTP/1.1\" 200 2947 - 208.006 ms","service":"asset-management-api","timestamp":"2025-10-27 17:07:47"}
{"level":"info","message":"::1 - 68fe69cd58c0596884c56825 [ADMIN] \"GET /api/users?_t=1761565067735 HTTP/1.1\" 200 2947 - 218.514 ms","service":"asset-management-api","timestamp":"2025-10-27 17:07:47"}
{"level":"info","message":"::1 - anonymous [none] \"GET /api/reports/templates HTTP/1.1\" 404 43 - 3.302 ms","service":"asset-management-api","timestamp":"2025-10-27 17:07:57"}
{"level":"info","message":"::1 - anonymous [none] \"GET /api/reports/history HTTP/1.1\" 404 43 - 4.841 ms","service":"asset-management-api","timestamp":"2025-10-27 17:07:57"}
{"level":"info","message":"::1 - anonymous [none] \"GET /api/reports/templates HTTP/1.1\" 404 43 - 3.543 ms","service":"asset-management-api","timestamp":"2025-10-27 17:07:57"}
{"level":"info","message":"::1 - anonymous [none] \"GET /api/reports/history HTTP/1.1\" 404 43 - 6.465 ms","service":"asset-management-api","timestamp":"2025-10-27 17:07:57"}
{"level":"info","message":"::1 - anonymous [none] \"GET /api/reports/templates HTTP/1.1\" 404 43 - 13.399 ms","service":"asset-management-api","timestamp":"2025-10-27 17:45:54"}
{"level":"info","message":"::1 - anonymous [none] \"GET /api/reports/history HTTP/1.1\" 404 43 - 38.887 ms","service":"asset-management-api","timestamp":"2025-10-27 17:45:54"}
{"level":"info","message":"::1 - anonymous [none] \"GET /api/reports/templates HTTP/1.1\" 404 43 - 11.300 ms","service":"asset-management-api","timestamp":"2025-10-27 17:45:54"}
{"level":"info","message":"::1 - anonymous [none] \"GET /api/reports/history HTTP/1.1\" 404 43 - 9.131 ms","service":"asset-management-api","timestamp":"2025-10-27 17:45:54"}
{"level":"info","message":"::1 - anonymous [none] \"GET /api/reports/templates HTTP/1.1\" 404 43 - 1.907 ms","service":"asset-management-api","timestamp":"2025-10-27 17:46:00"}
{"level":"info","message":"::1 - anonymous [none] \"GET /api/reports/history HTTP/1.1\" 404 43 - 3.259 ms","service":"asset-management-api","timestamp":"2025-10-27 17:46:00"}
{"level":"info","message":"::1 - anonymous [none] \"GET /api/reports/templates HTTP/1.1\" 404 43 - 1.887 ms","service":"asset-management-api","timestamp":"2025-10-27 17:46:00"}
{"level":"info","message":"::1 - anonymous [none] \"GET /api/reports/history HTTP/1.1\" 404 43 - 7.925 ms","service":"asset-management-api","timestamp":"2025-10-27 17:46:00"}
{"level":"info","message":"::1 - anonymous [none] \"GET /api/users/profile HTTP/1.1\" 401 36 - 36046.062 ms","service":"asset-management-api","timestamp":"2025-10-27 17:46:30"}
{"level":"info","message":"::1 - anonymous [none] \"GET /api/users/profile HTTP/1.1\" 401 36 - 26334.786 ms","service":"asset-management-api","timestamp":"2025-10-27 17:46:47"}
{"level":"info","message":"Server running in development mode on port 5000","service":"asset-management-api","timestamp":"2025-10-27 18:33:50"}
{"level":"info","message":"API Documentation available at http://localhost:5000/api-docs","service":"asset-management-api","timestamp":"2025-10-27 18:33:50"}
{"level":"info","message":"Database connection established","service":"asset-management-api","timestamp":"2025-10-27 18:33:51"}
{"level":"info","message":"::1 - anonymous [none] \"POST /api/v1/auth/login HTTP/1.1\" 200 383 - 619.749 ms","service":"asset-management-api","timestamp":"2025-10-27 18:34:23"}
{"level":"info","message":"::1 - 68fe69cd58c0596884c56825 [ADMIN] \"GET /api/v1/dashboard/stats HTTP/1.1\" 200 301 - 773.515 ms","service":"asset-management-api","timestamp":"2025-10-27 18:34:24"}
{"level":"info","message":"::1 - 68fe69cd58c0596884c56825 [ADMIN] \"GET /api/v1/dashboard/stats HTTP/1.1\" 304 - - 199.028 ms","service":"asset-management-api","timestamp":"2025-10-27 18:34:24"}
{"level":"info","message":"::1 - 68fe69cd58c0596884c56825 [ADMIN] \"GET /api/v1/assets HTTP/1.1\" 200 - - 410.874 ms","service":"asset-management-api","timestamp":"2025-10-27 18:34:33"}
{"level":"info","message":"::1 - 68fe69cd58c0596884c56825 [ADMIN] \"GET /api/v1/assets HTTP/1.1\" 304 - - 341.259 ms","service":"asset-management-api","timestamp":"2025-10-27 18:34:34"}
{"level":"info","message":"::1 - 68fe69cd58c0596884c56825 [ADMIN] \"GET /api/v1/assets HTTP/1.1\" 304 - - 1002.223 ms","service":"asset-management-api","timestamp":"2025-10-27 18:35:04"}
{"level":"info","message":"::1 - 68fe69cd58c0596884c56825 [ADMIN] \"GET /api/v1/assets HTTP/1.1\" 304 - - 4021.862 ms","service":"asset-management-api","timestamp":"2025-10-27 18:35:08"}
{"level":"info","message":"::1 - 68fe69cd58c0596884c56825 [ADMIN] \"GET /api/v1/users HTTP/1.1\" 200 - - 370.634 ms","service":"asset-management-api","timestamp":"2025-10-27 18:35:13"}
{"level":"info","message":"::1 - 68fe69cd58c0596884c56825 [ADMIN] \"GET /api/v1/users HTTP/1.1\" 200 - - 516.226 ms","service":"asset-management-api","timestamp":"2025-10-27 18:35:14"}
{"level":"info","message":"::1 - 68fe69cd58c0596884c56825 [ADMIN] \"GET /api/v1/assets HTTP/1.1\" 304 - - 1361.713 ms","service":"asset-management-api","timestamp":"2025-10-27 18:35:23"}
{"level":"info","message":"::1 - 68fe69cd58c0596884c56825 [ADMIN] \"GET /api/v1/assets HTTP/1.1\" 304 - - 2174.218 ms","service":"asset-management-api","timestamp":"2025-10-27 18:35:25"}
{"level":"info","message":"::1 - 68fe69cd58c0596884c56825 [ADMIN] \"GET /api/v1/dashboard/stats HTTP/1.1\" 304 - - 2867.758 ms","service":"asset-management-api","timestamp":"2025-10-27 18:40:31"}
{"level":"warn","message":"CORS blocked request from unauthorized origin","origin":"http://localhost:3001","service":"asset-management-api","timestamp":"2025-10-27 18:43:12"}
{"ip":"::1","level":"error","message":"Not allowed by CORS","method":"OPTIONS","service":"asset-management-api","stack":"Error: Not allowed by CORS\n    at origin (D:\\Online-Dead-Stock-Register\\backend\\server.js:60:16)\n    at D:\\Online-Dead-Stock-Register\\backend\\node_modules\\cors\\lib\\index.js:219:13\n    at optionsCallback (D:\\Online-Dead-Stock-Register\\backend\\node_modules\\cors\\lib\\index.js:199:9)\n    at corsMiddleware (D:\\Online-Dead-Stock-Register\\backend\\node_modules\\cors\\lib\\index.js:204:7)\n    at Layer.handle [as handle_request] (D:\\Online-Dead-Stock-Register\\backend\\node_modules\\express\\lib\\router\\layer.js:95:5)\n    at trim_prefix (D:\\Online-Dead-Stock-Register\\backend\\node_modules\\express\\lib\\router\\index.js:328:13)\n    at D:\\Online-Dead-Stock-Register\\backend\\node_modules\\express\\lib\\router\\index.js:286:9\n    at Function.process_params (D:\\Online-Dead-Stock-Register\\backend\\node_modules\\express\\lib\\router\\index.js:346:12)\n    at next (D:\\Online-Dead-Stock-Register\\backend\\node_modules\\express\\lib\\router\\index.js:280:10)\n    at expressInit (D:\\Online-Dead-Stock-Register\\backend\\node_modules\\express\\lib\\middleware\\init.js:40:5)","statusCode":500,"timestamp":"2025-10-27 18:43:12","url":"/api/v1/auth/login"}
{"level":"info","message":"Server running in development mode on port 5000","service":"asset-management-api","timestamp":"2025-10-27 18:44:51"}
{"level":"info","message":"API Documentation available at http://localhost:5000/api-docs","service":"asset-management-api","timestamp":"2025-10-27 18:44:51"}
{"level":"info","message":"Database connection established","service":"asset-management-api","timestamp":"2025-10-27 18:44:53"}
{"level":"info","message":"::1 - 68fe69cd58c0596884c56825 [ADMIN] \"GET /api/v1/users/profile HTTP/1.1\" 200 287 - 279.196 ms","service":"asset-management-api","timestamp":"2025-10-27 18:45:10"}
{"level":"info","message":"::1 - 68fe69cd58c0596884c56825 [ADMIN] \"GET /api/v1/users/profile HTTP/1.1\" 304 - - 199.475 ms","service":"asset-management-api","timestamp":"2025-10-27 18:45:11"}
{"level":"info","message":"::1 - 68fe69cd58c0596884c56825 [ADMIN] \"GET /api/v1/dashboard/stats HTTP/1.1\" 304 - - 792.366 ms","service":"asset-management-api","timestamp":"2025-10-27 18:45:12"}
{"level":"info","message":"::1 - 68fe69cd58c0596884c56825 [ADMIN] \"GET /api/v1/dashboard/stats HTTP/1.1\" 304 - - 366.862 ms","service":"asset-management-api","timestamp":"2025-10-27 18:45:12"}
{"level":"info","message":"::1 - anonymous [none] \"POST /api/v1/auth/login HTTP/1.1\" 400 33 - 120.870 ms","service":"asset-management-api","timestamp":"2025-10-27 18:46:46"}
{"level":"info","message":"::1 - 68fe69cd58c0596884c56825 [ADMIN] \"GET /api/v1/dashboard/stats HTTP/1.1\" 304 - - 1185.852 ms","service":"asset-management-api","timestamp":"2025-10-27 18:50:29"}
{"level":"info","message":"::1 - 68fe69cd58c0596884c56825 [ADMIN] \"GET /api/v1/users/profile HTTP/1.1\" 304 - - 173.526 ms","service":"asset-management-api","timestamp":"2025-10-27 18:51:54"}
{"level":"info","message":"::1 - 68fe69cd58c0596884c56825 [ADMIN] \"GET /api/v1/users/profile HTTP/1.1\" 304 - - 165.643 ms","service":"asset-management-api","timestamp":"2025-10-27 18:51:54"}
{"level":"info","message":"::1 - 68fe69cd58c0596884c56825 [ADMIN] \"GET /api/v1/dashboard/stats HTTP/1.1\" 200 301 - 637.368 ms","service":"asset-management-api","timestamp":"2025-10-27 18:51:55"}
{"level":"info","message":"::1 - 68fe69cd58c0596884c56825 [ADMIN] \"GET /api/v1/dashboard/stats HTTP/1.1\" 304 - - 204.774 ms","service":"asset-management-api","timestamp":"2025-10-27 18:51:55"}
{"level":"info","message":"::1 - anonymous [none] \"POST /api/v1/auth/login HTTP/1.1\" 200 387 - 472.858 ms","service":"asset-management-api","timestamp":"2025-10-27 18:52:40"}
{"level":"info","message":"::1 - 68ff71d2b4dfb1e4b9be72c5 [ADMIN] \"GET /api/v1/dashboard/stats HTTP/1.1\" 200 301 - 598.721 ms","service":"asset-management-api","timestamp":"2025-10-27 18:52:41"}
{"level":"info","message":"::1 - 68ff71d2b4dfb1e4b9be72c5 [ADMIN] \"GET /api/v1/dashboard/stats HTTP/1.1\" 304 - - 895.681 ms","service":"asset-management-api","timestamp":"2025-10-27 18:52:42"}
{"level":"info","message":"::1 - 68ff71d2b4dfb1e4b9be72c5 [ADMIN] \"GET /api/v1/assets HTTP/1.1\" 200 - - 1196.479 ms","service":"asset-management-api","timestamp":"2025-10-27 18:53:13"}
{"level":"info","message":"::1 - 68ff71d2b4dfb1e4b9be72c5 [ADMIN] \"GET /api/v1/assets HTTP/1.1\" 304 - - 1801.977 ms","service":"asset-management-api","timestamp":"2025-10-27 18:53:14"}
{"level":"info","message":"::1 - 68fe69cd58c0596884c56825 [ADMIN] \"GET /api/v1/dashboard/stats HTTP/1.1\" 304 - - 578.222 ms","service":"asset-management-api","timestamp":"2025-10-27 18:55:12"}
{"level":"info","message":"::1 - 68ff71d2b4dfb1e4b9be72c5 [ADMIN] \"GET /api/v1/users/profile HTTP/1.1\" 200 269 - 167.018 ms","service":"asset-management-api","timestamp":"2025-10-27 18:55:41"}
{"level":"info","message":"::1 - 68ff71d2b4dfb1e4b9be72c5 [ADMIN] \"GET /api/v1/users/profile HTTP/1.1\" 304 - - 213.960 ms","service":"asset-management-api","timestamp":"2025-10-27 18:55:41"}
{"level":"info","message":"::1 - 68ff71d2b4dfb1e4b9be72c5 [ADMIN] \"GET /api/v1/assets HTTP/1.1\" 304 - - 414.098 ms","service":"asset-management-api","timestamp":"2025-10-27 18:55:41"}
{"level":"info","message":"::1 - 68ff71d2b4dfb1e4b9be72c5 [ADMIN] \"GET /api/v1/assets HTTP/1.1\" 304 - - 362.286 ms","service":"asset-management-api","timestamp":"2025-10-27 18:55:41"}
{"level":"info","message":"::1 - 68ff71d2b4dfb1e4b9be72c5 [ADMIN] \"GET /api/v1/assets HTTP/1.1\" 304 - - 416.411 ms","service":"asset-management-api","timestamp":"2025-10-27 18:58:54"}
{"level":"info","message":"::1 - 68fe69cd58c0596884c56825 [ADMIN] \"GET /api/v1/dashboard/stats HTTP/1.1\" 304 - - 402.508 ms","service":"asset-management-api","timestamp":"2025-10-27 19:00:28"}
{"level":"info","message":"::1 - 68fe69cd58c0596884c56825 [ADMIN] \"GET /api/v1/dashboard/stats HTTP/1.1\" 304 - - 246.342 ms","service":"asset-management-api","timestamp":"2025-10-27 19:01:55"}
{"level":"info","message":"::1 - 68fe69cd58c0596884c56825 [ADMIN] \"GET /api/v1/dashboard/stats HTTP/1.1\" 304 - - 244.590 ms","service":"asset-management-api","timestamp":"2025-10-27 19:05:11"}
{"level":"info","message":"::1 - 68ff71d2b4dfb1e4b9be72c5 [ADMIN] \"GET /api/v1/users/profile HTTP/1.1\" 304 - - 265.382 ms","service":"asset-management-api","timestamp":"2025-10-27 19:06:49"}
{"level":"info","message":"::1 - 68ff71d2b4dfb1e4b9be72c5 [ADMIN] \"GET /api/v1/users/profile HTTP/1.1\" 304 - - 222.676 ms","service":"asset-management-api","timestamp":"2025-10-27 19:06:49"}
{"level":"info","message":"::1 - 68ff71d2b4dfb1e4b9be72c5 [ADMIN] \"GET /api/v1/dashboard/stats HTTP/1.1\" 304 - - 625.274 ms","service":"asset-management-api","timestamp":"2025-10-27 19:06:50"}
{"level":"info","message":"::1 - 68ff71d2b4dfb1e4b9be72c5 [ADMIN] \"GET /api/v1/dashboard/stats HTTP/1.1\" 304 - - 473.763 ms","service":"asset-management-api","timestamp":"2025-10-27 19:06:50"}
{"level":"info","message":"::1 - anonymous [none] \"POST /api/v1/auth/login HTTP/1.1\" 200 383 - 339.255 ms","service":"asset-management-api","timestamp":"2025-10-27 19:09:08"}
{"level":"info","message":"::1 - 68fe69cd58c0596884c56825 [ADMIN] \"GET /api/v1/dashboard/stats HTTP/1.1\" 304 - - 4978.965 ms","service":"asset-management-api","timestamp":"2025-10-27 19:11:16"}
{"level":"info","message":"::1 - 68fe69cd58c0596884c56825 [ADMIN] \"GET /api/v1/dashboard/stats HTTP/1.1\" 304 - - 13372.742 ms","service":"asset-management-api","timestamp":"2025-10-27 19:11:42"}
{"level":"info","message":"::1 - 68fe69cd58c0596884c56825 [ADMIN] \"GET /api/v1/dashboard/stats HTTP/1.1\" 304 - - 4793.125 ms","service":"asset-management-api","timestamp":"2025-10-27 19:14:16"}
{"level":"info","message":"::1 - 68fe69cd58c0596884c56825 [ADMIN] \"GET /api/v1/dashboard/stats HTTP/1.1\" 304 - - 904.412 ms","service":"asset-management-api","timestamp":"2025-10-27 19:15:12"}
{"level":"info","message":"::1 - 68fe69cd58c0596884c56825 [ADMIN] \"GET /api/v1/users/profile HTTP/1.1\" 200 287 - 861.537 ms","service":"asset-management-api","timestamp":"2025-10-27 19:15:59"}
{"level":"info","message":"::1 - anonymous [none] \"GET /api/v1/audit-logs?limit=10&sort=-timestamp HTTP/1.1\" 404 43 - 17.758 ms","service":"asset-management-api","timestamp":"2025-10-27 19:15:59"}
{"level":"info","message":"::1 - anonymous [none] \"GET /api/v1/audit-logs?limit=10&sort=-timestamp HTTP/1.1\" 404 43 - 1.638 ms","service":"asset-management-api","timestamp":"2025-10-27 19:15:59"}
{"level":"info","message":"::1 - 68fe69cd58c0596884c56825 [ADMIN] \"GET /api/v1/users/profile HTTP/1.1\" 304 - - 2987.767 ms","service":"asset-management-api","timestamp":"2025-10-27 19:16:02"}
{"level":"info","message":"::1 - 68fe69cd58c0596884c56825 [ADMIN] \"GET /api/v1/dashboard/stats HTTP/1.1\" 304 - - 17629.227 ms","service":"asset-management-api","timestamp":"2025-10-27 19:16:17"}
{"level":"info","message":"::1 - 68fe69cd58c0596884c56825 [ADMIN] \"GET /api/v1/dashboard/stats HTTP/1.1\" 304 - - 1346.100 ms","service":"asset-management-api","timestamp":"2025-10-27 19:16:18"}
{"level":"info","message":"::1 - 68fe69cd58c0596884c56825 [ADMIN] \"GET /api/v1/dashboard/stats HTTP/1.1\" 200 301 - 19319.232 ms","service":"asset-management-api","timestamp":"2025-10-27 19:17:33"}
{"level":"info","message":"::1 - 68fe69cd58c0596884c56825 [ADMIN] \"GET /api/v1/dashboard/stats HTTP/1.1\" 304 - - 39606.286 ms","service":"asset-management-api","timestamp":"2025-10-27 19:17:33"}
{"level":"info","message":"::1 - 68fe69cd58c0596884c56825 [ADMIN] \"GET /api/v1/dashboard/stats HTTP/1.1\" 304 - - 8283.326 ms","service":"asset-management-api","timestamp":"2025-10-27 19:20:16"}
{"level":"info","message":"::1 - 68fe69cd58c0596884c56825 [ADMIN] \"GET /api/v1/dashboard/stats HTTP/1.1\" 304 - - 660.005 ms","service":"asset-management-api","timestamp":"2025-10-27 19:20:36"}
{"level":"info","message":"::1 - 68fe69cd58c0596884c56825 [ADMIN] \"GET /api/v1/dashboard/stats HTTP/1.1\" 304 - - 4482.867 ms","service":"asset-management-api","timestamp":"2025-10-27 19:21:16"}
{"level":"info","message":"::1 - 68fe69cd58c0596884c56825 [ADMIN] \"GET /api/v1/dashboard/activities HTTP/1.1\" 200 26 - 206.702 ms","service":"asset-management-api","timestamp":"2025-10-27 19:22:09"}
{"level":"info","message":"::1 - 68fe69cd58c0596884c56825 [ADMIN] \"GET /api/v1/dashboard/activities HTTP/1.1\" 200 26 - 192.170 ms","service":"asset-management-api","timestamp":"2025-10-27 19:22:09"}
{"level":"info","message":"::1 - 68fe69cd58c0596884c56825 [ADMIN] \"GET /api/v1/dashboard/approvals HTTP/1.1\" 200 26 - 191.846 ms","service":"asset-management-api","timestamp":"2025-10-27 19:22:09"}
{"level":"info","message":"::1 - 68fe69cd58c0596884c56825 [ADMIN] \"GET /api/v1/dashboard/approvals HTTP/1.1\" 200 26 - 178.169 ms","service":"asset-management-api","timestamp":"2025-10-27 19:22:09"}
{"level":"info","message":"::1 - 68fe69cd58c0596884c56825 [ADMIN] \"GET /api/v1/users/profile HTTP/1.1\" 304 - - 145.472 ms","service":"asset-management-api","timestamp":"2025-10-27 19:22:21"}
{"level":"info","message":"::1 - 68fe69cd58c0596884c56825 [ADMIN] \"GET /api/v1/users/profile HTTP/1.1\" 304 - - 142.505 ms","service":"asset-management-api","timestamp":"2025-10-27 19:22:21"}
{"level":"info","message":"::1 - 68fe69cd58c0596884c56825 [ADMIN] \"GET /api/v1/dashboard/stats HTTP/1.1\" 304 - - 376.131 ms","service":"asset-management-api","timestamp":"2025-10-27 19:22:22"}
{"level":"info","message":"::1 - 68fe69cd58c0596884c56825 [ADMIN] \"GET /api/v1/dashboard/activities HTTP/1.1\" 304 - - 235.606 ms","service":"asset-management-api","timestamp":"2025-10-27 19:22:22"}
{"level":"info","message":"::1 - 68fe69cd58c0596884c56825 [ADMIN] \"GET /api/v1/dashboard/approvals HTTP/1.1\" 304 - - 152.028 ms","service":"asset-management-api","timestamp":"2025-10-27 19:22:22"}
{"level":"info","message":"::1 - 68fe69cd58c0596884c56825 [ADMIN] \"GET /api/v1/dashboard/stats HTTP/1.1\" 304 - - 820.857 ms","service":"asset-management-api","timestamp":"2025-10-27 19:22:22"}
{"level":"info","message":"::1 - 68fe69cd58c0596884c56825 [ADMIN] \"GET /api/v1/dashboard/activities HTTP/1.1\" 304 - - 165.974 ms","service":"asset-management-api","timestamp":"2025-10-27 19:22:23"}
{"level":"info","message":"::1 - 68fe69cd58c0596884c56825 [ADMIN] \"GET /api/v1/dashboard/approvals HTTP/1.1\" 304 - - 152.141 ms","service":"asset-management-api","timestamp":"2025-10-27 19:22:23"}
{"level":"info","message":"::1 - 68fe69cd58c0596884c56825 [ADMIN] \"GET /api/v1/dashboard/activities HTTP/1.1\" 304 - - 177.982 ms","service":"asset-management-api","timestamp":"2025-10-27 19:25:09"}
{"level":"info","message":"::1 - 68fe69cd58c0596884c56825 [ADMIN] \"GET /api/v1/dashboard/activities HTTP/1.1\" 304 - - 186.788 ms","service":"asset-management-api","timestamp":"2025-10-27 19:25:09"}
{"level":"info","message":"::1 - 68fe69cd58c0596884c56825 [ADMIN] \"GET /api/v1/dashboard/approvals HTTP/1.1\" 304 - - 178.614 ms","service":"asset-management-api","timestamp":"2025-10-27 19:25:09"}
{"level":"info","message":"::1 - 68fe69cd58c0596884c56825 [ADMIN] \"GET /api/v1/dashboard/approvals HTTP/1.1\" 304 - - 133.184 ms","service":"asset-management-api","timestamp":"2025-10-27 19:25:09"}
{"level":"info","message":"::1 - 68fe69cd58c0596884c56825 [ADMIN] \"GET /api/v1/dashboard/stats HTTP/1.1\" 304 - - 150.560 ms","service":"asset-management-api","timestamp":"2025-10-27 19:30:09"}
{"level":"info","message":"::1 - 68fe69cd58c0596884c56825 [ADMIN] \"GET /api/v1/dashboard/activities HTTP/1.1\" 304 - - 120.820 ms","service":"asset-management-api","timestamp":"2025-10-27 19:30:09"}
{"level":"info","message":"::1 - 68fe69cd58c0596884c56825 [ADMIN] \"GET /api/v1/dashboard/approvals HTTP/1.1\" 304 - - 128.901 ms","service":"asset-management-api","timestamp":"2025-10-27 19:30:09"}
{"level":"info","message":"::1 - 68fe69cd58c0596884c56825 [ADMIN] \"GET /api/v1/dashboard/stats HTTP/1.1\" 304 - - 1120.519 ms","service":"asset-management-api","timestamp":"2025-10-27 19:30:10"}
{"level":"info","message":"::1 - 68fe69cd58c0596884c56825 [ADMIN] \"GET /api/v1/dashboard/activities HTTP/1.1\" 304 - - 125.388 ms","service":"asset-management-api","timestamp":"2025-10-27 19:30:10"}
{"level":"info","message":"::1 - 68fe69cd58c0596884c56825 [ADMIN] \"GET /api/v1/dashboard/approvals HTTP/1.1\" 304 - - 104.134 ms","service":"asset-management-api","timestamp":"2025-10-27 19:30:10"}
{"level":"info","message":"::1 - 68fe69cd58c0596884c56825 [ADMIN] \"GET /api/v1/users HTTP/1.1\" 200 - - 142.440 ms","service":"asset-management-api","timestamp":"2025-10-27 19:30:27"}
{"level":"info","message":"::1 - 68fe69cd58c0596884c56825 [ADMIN] \"GET /api/v1/users HTTP/1.1\" 200 - - 109.908 ms","service":"asset-management-api","timestamp":"2025-10-27 19:30:27"}
{"level":"info","message":"::1 - 68fe69cd58c0596884c56825 [ADMIN] \"GET /api/v1/dashboard/stats HTTP/1.1\" 304 - - 139.173 ms","service":"asset-management-api","timestamp":"2025-10-27 19:31:11"}
{"level":"info","message":"::1 - 68fe69cd58c0596884c56825 [ADMIN] \"GET /api/v1/users/profile HTTP/1.1\" 304 - - 1429.434 ms","service":"asset-management-api","timestamp":"2025-10-27 19:32:41"}
{"level":"info","message":"::1 - 68fe69cd58c0596884c56825 [ADMIN] \"GET /api/v1/users/profile HTTP/1.1\" 304 - - 115.819 ms","service":"asset-management-api","timestamp":"2025-10-27 19:32:41"}
{"level":"info","message":"::1 - 68fe69cd58c0596884c56825 [ADMIN] \"GET /api/v1/users HTTP/1.1\" 200 - - 220.600 ms","service":"asset-management-api","timestamp":"2025-10-27 19:32:41"}
{"level":"info","message":"::1 - 68fe69cd58c0596884c56825 [ADMIN] \"GET /api/v1/users HTTP/1.1\" 200 - - 143.656 ms","service":"asset-management-api","timestamp":"2025-10-27 19:32:41"}
{"level":"info","message":"::1 - anonymous [none] \"GET /api/v1/users/profile HTTP/1.1\" 401 36 - 5029.853 ms","service":"asset-management-api","timestamp":"2025-10-27 19:34:50"}
{"level":"info","message":"::1 - anonymous [none] \"GET /api/v1/users/profile HTTP/1.1\" 401 36 - 5009.804 ms","service":"asset-management-api","timestamp":"2025-10-27 19:34:55"}
{"level":"info","message":"::1 - anonymous [none] \"GET /api/v1/dashboard/stats HTTP/1.1\" 401 36 - 5010.142 ms","service":"asset-management-api","timestamp":"2025-10-27 19:35:14"}
{"level":"info","message":"::1 - anonymous [none] \"GET /api/v1/dashboard/activities HTTP/1.1\" 401 47 - 1.011 ms","service":"asset-management-api","timestamp":"2025-10-27 19:35:14"}
{"level":"info","message":"::1 - anonymous [none] \"POST /api/v1/auth/login HTTP/1.1\" 200 383 - 837.755 ms","service":"asset-management-api","timestamp":"2025-10-27 19:40:45"}
{"level":"info","message":"::1 - 68fe69cd58c0596884c56825 [ADMIN] \"GET /api/v1/dashboard/stats HTTP/1.1\" 304 - - 876.270 ms","service":"asset-management-api","timestamp":"2025-10-27 19:40:46"}
{"level":"info","message":"::1 - 68fe69cd58c0596884c56825 [ADMIN] \"GET /api/v1/dashboard/activities HTTP/1.1\" 304 - - 207.372 ms","service":"asset-management-api","timestamp":"2025-10-27 19:40:46"}
{"level":"info","message":"::1 - 68fe69cd58c0596884c56825 [ADMIN] \"GET /api/v1/dashboard/approvals HTTP/1.1\" 304 - - 116.025 ms","service":"asset-management-api","timestamp":"2025-10-27 19:40:46"}
{"level":"info","message":"::1 - 68fe69cd58c0596884c56825 [ADMIN] \"GET /api/v1/dashboard/stats HTTP/1.1\" 304 - - 500.277 ms","service":"asset-management-api","timestamp":"2025-10-27 19:40:46"}
{"level":"info","message":"::1 - 68fe69cd58c0596884c56825 [ADMIN] \"GET /api/v1/dashboard/activities HTTP/1.1\" 304 - - 118.939 ms","service":"asset-management-api","timestamp":"2025-10-27 19:40:46"}
{"level":"info","message":"::1 - 68fe69cd58c0596884c56825 [ADMIN] \"GET /api/v1/dashboard/approvals HTTP/1.1\" 304 - - 127.361 ms","service":"asset-management-api","timestamp":"2025-10-27 19:40:47"}
{"level":"info","message":"::1 - anonymous [none] \"GET /api/v1/dashboard/stats HTTP/1.1\" 401 47 - 1.764 ms","service":"asset-management-api","timestamp":"2025-10-27 19:41:11"}
{"level":"info","message":"::1 - 68fe69cd58c0596884c56825 [ADMIN] \"GET /api/v1/users HTTP/1.1\" 200 - - 166.153 ms","service":"asset-management-api","timestamp":"2025-10-27 19:41:33"}
{"level":"info","message":"::1 - 68fe69cd58c0596884c56825 [ADMIN] \"GET /api/v1/users HTTP/1.1\" 200 - - 144.705 ms","service":"asset-management-api","timestamp":"2025-10-27 19:41:33"}
{"level":"info","message":"::1 - 68fe69cd58c0596884c56825 [ADMIN] \"GET /api/v1/assets HTTP/1.1\" 304 - - 934.806 ms","service":"asset-management-api","timestamp":"2025-10-27 19:44:00"}
{"level":"info","message":"::1 - 68fe69cd58c0596884c56825 [ADMIN] \"GET /api/v1/assets HTTP/1.1\" 304 - - 3471.150 ms","service":"asset-management-api","timestamp":"2025-10-27 19:44:04"}
{"level":"info","message":"::1 - 68fe69cd58c0596884c56825 [ADMIN] \"GET /api/v1/users HTTP/1.1\" 200 - - 3085.697 ms","service":"asset-management-api","timestamp":"2025-10-27 19:47:33"}
{"level":"info","message":"::1 - 68fe69cd58c0596884c56825 [ADMIN] \"GET /api/v1/assets HTTP/1.1\" 304 - - 28096.488 ms","service":"asset-management-api","timestamp":"2025-10-27 19:47:36"}
{"level":"info","message":"::1 - 68fe69cd58c0596884c56825 [ADMIN] \"GET /api/v1/users HTTP/1.1\" 200 - - 6780.775 ms","service":"asset-management-api","timestamp":"2025-10-27 19:47:40"}
{"level":"info","message":"::1 - 68fe69cd58c0596884c56825 [ADMIN] \"GET /api/v1/assets HTTP/1.1\" 200 - - 7840.607 ms","service":"asset-management-api","timestamp":"2025-10-27 19:47:43"}
{"level":"info","message":"::1 - 68fe69cd58c0596884c56825 [ADMIN] \"GET /api/v1/assets HTTP/1.1\" 304 - - 224.225 ms","service":"asset-management-api","timestamp":"2025-10-27 19:48:04"}
{"level":"info","message":"::1 - 68fe69cd58c0596884c56825 [ADMIN] \"GET /api/v1/assets HTTP/1.1\" 304 - - 246.500 ms","service":"asset-management-api","timestamp":"2025-10-27 19:48:05"}
{"level":"info","message":"::1 - 68fe69cd58c0596884c56825 [ADMIN] \"GET /api/v1/assets HTTP/1.1\" 304 - - 289.059 ms","service":"asset-management-api","timestamp":"2025-10-27 19:49:32"}
{"level":"info","message":"::1 - 68fe69cd58c0596884c56825 [ADMIN] \"GET /api/v1/dashboard/stats HTTP/1.1\" 304 - - 779.826 ms","service":"asset-management-api","timestamp":"2025-10-27 19:50:44"}
{"level":"info","message":"::1 - 68fe69cd58c0596884c56825 [ADMIN] \"GET /api/v1/dashboard/activities HTTP/1.1\" 304 - - 126.923 ms","service":"asset-management-api","timestamp":"2025-10-27 19:50:44"}
{"level":"info","message":"::1 - 68fe69cd58c0596884c56825 [ADMIN] \"GET /api/v1/dashboard/approvals HTTP/1.1\" 304 - - 136.713 ms","service":"asset-management-api","timestamp":"2025-10-27 19:50:44"}
{"level":"info","message":"::1 - 68fe69cd58c0596884c56825 [ADMIN] \"GET /api/v1/dashboard/stats HTTP/1.1\" 304 - - 491.265 ms","service":"asset-management-api","timestamp":"2025-10-27 19:50:45"}
{"level":"info","message":"::1 - 68fe69cd58c0596884c56825 [ADMIN] \"GET /api/v1/dashboard/activities HTTP/1.1\" 304 - - 126.699 ms","service":"asset-management-api","timestamp":"2025-10-27 19:50:45"}
{"level":"info","message":"::1 - 68fe69cd58c0596884c56825 [ADMIN] \"GET /api/v1/dashboard/approvals HTTP/1.1\" 304 - - 129.925 ms","service":"asset-management-api","timestamp":"2025-10-27 19:50:45"}
{"level":"info","message":"::1 - anonymous [none] \"GET /api/v1/reports/templates HTTP/1.1\" 404 43 - 11.586 ms","service":"asset-management-api","timestamp":"2025-10-27 19:55:23"}
{"level":"info","message":"::1 - anonymous [none] \"GET /api/v1/reports/history HTTP/1.1\" 404 43 - 15.483 ms","service":"asset-management-api","timestamp":"2025-10-27 19:55:23"}
{"level":"info","message":"::1 - anonymous [none] \"GET /api/v1/reports/templates HTTP/1.1\" 404 43 - 3.525 ms","service":"asset-management-api","timestamp":"2025-10-27 19:55:23"}
{"level":"info","message":"::1 - anonymous [none] \"GET /api/v1/reports/history HTTP/1.1\" 404 43 - 4.334 ms","service":"asset-management-api","timestamp":"2025-10-27 19:55:23"}
{"level":"info","message":"::1 - anonymous [none] \"GET /api/v1/reports/templates HTTP/1.1\" 404 43 - 2.106 ms","service":"asset-management-api","timestamp":"2025-10-27 19:57:13"}
{"level":"info","message":"::1 - anonymous [none] \"GET /api/v1/reports/history HTTP/1.1\" 404 43 - 2.661 ms","service":"asset-management-api","timestamp":"2025-10-27 19:57:13"}
{"level":"info","message":"::1 - anonymous [none] \"GET /api/v1/settings HTTP/1.1\" 404 43 - 3.969 ms","service":"asset-management-api","timestamp":"2025-10-27 19:59:33"}
{"level":"info","message":"::1 - anonymous [none] \"GET /api/v1/settings HTTP/1.1\" 404 43 - 1.227 ms","service":"asset-management-api","timestamp":"2025-10-27 19:59:33"}
{"level":"info","message":"::1 - anonymous [none] \"GET /api/v1/settings HTTP/1.1\" 404 43 - 18.622 ms","service":"asset-management-api","timestamp":"2025-10-27 20:04:38"}
{"level":"info","message":"::1 - 68fe69cd58c0596884c56825 [ADMIN] \"GET /api/v1/users/profile HTTP/1.1\" 200 287 - 2757.347 ms","service":"asset-management-api","timestamp":"2025-10-27 20:06:08"}
{"level":"info","message":"::1 - 68fe69cd58c0596884c56825 [ADMIN] \"GET /api/v1/users/profile HTTP/1.1\" 304 - - 135.732 ms","service":"asset-management-api","timestamp":"2025-10-27 20:06:08"}
{"level":"info","message":"::1 - anonymous [none] \"GET /api/v1/settings HTTP/1.1\" 404 43 - 4.311 ms","service":"asset-management-api","timestamp":"2025-10-27 20:06:08"}
{"level":"info","message":"::1 - anonymous [none] \"GET /api/v1/settings HTTP/1.1\" 404 43 - 1.519 ms","service":"asset-management-api","timestamp":"2025-10-27 20:06:08"}
{"level":"info","message":"::1 - anonymous [none] \"GET /api/v1/reports/history HTTP/1.1\" 404 43 - 7.821 ms","service":"asset-management-api","timestamp":"2025-10-27 20:13:09"}
{"level":"info","message":"::1 - anonymous [none] \"GET /api/v1/reports/templates HTTP/1.1\" 404 43 - 11.913 ms","service":"asset-management-api","timestamp":"2025-10-27 20:13:09"}
{"level":"info","message":"::1 - anonymous [none] \"GET /api/v1/reports/history HTTP/1.1\" 404 43 - 1.571 ms","service":"asset-management-api","timestamp":"2025-10-27 20:13:09"}
{"level":"info","message":"::1 - anonymous [none] \"GET /api/v1/reports/templates HTTP/1.1\" 404 43 - 4.113 ms","service":"asset-management-api","timestamp":"2025-10-27 20:13:09"}
{"level":"info","message":"::1 - anonymous [none] \"GET /api/v1/audit-logs HTTP/1.1\" 404 43 - 1.034 ms","service":"asset-management-api","timestamp":"2025-10-27 20:13:11"}
{"level":"info","message":"::1 - anonymous [none] \"GET /api/v1/audit-logs HTTP/1.1\" 404 43 - 0.724 ms","service":"asset-management-api","timestamp":"2025-10-27 20:13:11"}
{"level":"info","message":"::1 - 68fe69cd58c0596884c56825 [ADMIN] \"GET /api/v1/dashboard/stats HTTP/1.1\" 304 - - 1433.297 ms","service":"asset-management-api","timestamp":"2025-10-27 20:13:17"}
{"level":"info","message":"::1 - 68fe69cd58c0596884c56825 [ADMIN] \"GET /api/v1/dashboard/activities HTTP/1.1\" 304 - - 170.545 ms","service":"asset-management-api","timestamp":"2025-10-27 20:13:17"}
{"level":"info","message":"::1 - 68fe69cd58c0596884c56825 [ADMIN] \"GET /api/v1/dashboard/approvals HTTP/1.1\" 304 - - 112.663 ms","service":"asset-management-api","timestamp":"2025-10-27 20:13:17"}
{"level":"info","message":"::1 - 68fe69cd58c0596884c56825 [ADMIN] \"GET /api/v1/dashboard/stats HTTP/1.1\" 304 - - 472.860 ms","service":"asset-management-api","timestamp":"2025-10-27 20:13:18"}
{"level":"info","message":"::1 - 68fe69cd58c0596884c56825 [ADMIN] \"GET /api/v1/dashboard/activities HTTP/1.1\" 304 - - 109.430 ms","service":"asset-management-api","timestamp":"2025-10-27 20:13:18"}
{"level":"info","message":"::1 - 68fe69cd58c0596884c56825 [ADMIN] \"GET /api/v1/dashboard/approvals HTTP/1.1\" 304 - - 111.281 ms","service":"asset-management-api","timestamp":"2025-10-27 20:13:18"}
{"level":"info","message":"::1 - 68fe69cd58c0596884c56825 [ADMIN] \"GET /api/v1/dashboard/activities HTTP/1.1\" 304 - - 125.627 ms","service":"asset-management-api","timestamp":"2025-10-27 20:13:20"}
{"level":"info","message":"::1 - 68fe69cd58c0596884c56825 [ADMIN] \"GET /api/v1/dashboard/approvals HTTP/1.1\" 304 - - 114.867 ms","service":"asset-management-api","timestamp":"2025-10-27 20:13:20"}
{"level":"info","message":"::1 - 68fe69cd58c0596884c56825 [ADMIN] \"GET /api/v1/dashboard/activities HTTP/1.1\" 304 - - 124.371 ms","service":"asset-management-api","timestamp":"2025-10-27 20:13:20"}
{"level":"info","message":"::1 - 68fe69cd58c0596884c56825 [ADMIN] \"GET /api/v1/dashboard/approvals HTTP/1.1\" 304 - - 96.072 ms","service":"asset-management-api","timestamp":"2025-10-27 20:13:20"}
{"level":"info","message":"::1 - 68fe69cd58c0596884c56825 [ADMIN] \"GET /api/v1/dashboard/activities HTTP/1.1\" 304 - - 133.723 ms","service":"asset-management-api","timestamp":"2025-10-27 20:13:22"}
{"level":"info","message":"::1 - 68fe69cd58c0596884c56825 [ADMIN] \"GET /api/v1/dashboard/approvals HTTP/1.1\" 304 - - 107.046 ms","service":"asset-management-api","timestamp":"2025-10-27 20:13:22"}
{"level":"info","message":"::1 - 68fe69cd58c0596884c56825 [ADMIN] \"GET /api/v1/dashboard/activities HTTP/1.1\" 304 - - 113.308 ms","service":"asset-management-api","timestamp":"2025-10-27 20:13:22"}
{"level":"info","message":"::1 - 68fe69cd58c0596884c56825 [ADMIN] \"GET /api/v1/dashboard/approvals HTTP/1.1\" 304 - - 120.670 ms","service":"asset-management-api","timestamp":"2025-10-27 20:13:22"}
{"level":"info","message":"::1 - 68fe69cd58c0596884c56825 [ADMIN] \"GET /api/v1/dashboard/activities HTTP/1.1\" 304 - - 120.616 ms","service":"asset-management-api","timestamp":"2025-10-27 20:13:27"}
{"level":"info","message":"::1 - 68fe69cd58c0596884c56825 [ADMIN] \"GET /api/v1/dashboard/activities HTTP/1.1\" 304 - - 120.608 ms","service":"asset-management-api","timestamp":"2025-10-27 20:13:27"}
{"level":"info","message":"::1 - 68fe69cd58c0596884c56825 [ADMIN] \"GET /api/v1/dashboard/approvals HTTP/1.1\" 304 - - 122.606 ms","service":"asset-management-api","timestamp":"2025-10-27 20:13:27"}
{"level":"info","message":"::1 - 68fe69cd58c0596884c56825 [ADMIN] \"GET /api/v1/dashboard/approvals HTTP/1.1\" 304 - - 116.500 ms","service":"asset-management-api","timestamp":"2025-10-27 20:13:27"}
{"level":"info","message":"::1 - 68fe69cd58c0596884c56825 [ADMIN] \"GET /api/v1/dashboard/activities HTTP/1.1\" 304 - - 552.080 ms","service":"asset-management-api","timestamp":"2025-10-27 20:15:37"}
{"level":"info","message":"::1 - 68fe69cd58c0596884c56825 [ADMIN] \"GET /api/v1/dashboard/activities HTTP/1.1\" 304 - - 2478.319 ms","service":"asset-management-api","timestamp":"2025-10-27 20:15:40"}
{"level":"info","message":"::1 - 68fe69cd58c0596884c56825 [ADMIN] \"GET /api/v1/dashboard/approvals HTTP/1.1\" 304 - - 3757.498 ms","service":"asset-management-api","timestamp":"2025-10-27 20:15:41"}
{"level":"info","message":"::1 - 68fe69cd58c0596884c56825 [ADMIN] \"GET /api/v1/dashboard/approvals HTTP/1.1\" 304 - - 4249.393 ms","service":"asset-management-api","timestamp":"2025-10-27 20:15:45"}
{"level":"info","message":"::1 - 68fe69cd58c0596884c56825 [ADMIN] \"GET /api/v1/dashboard/stats HTTP/1.1\" 304 - - 1131.828 ms","service":"asset-management-api","timestamp":"2025-10-27 20:20:38"}
{"level":"info","message":"::1 - 68fe69cd58c0596884c56825 [ADMIN] \"GET /api/v1/dashboard/activities HTTP/1.1\" 304 - - 174.849 ms","service":"asset-management-api","timestamp":"2025-10-27 20:20:38"}
{"level":"info","message":"::1 - 68fe69cd58c0596884c56825 [ADMIN] \"GET /api/v1/dashboard/approvals HTTP/1.1\" 304 - - 146.749 ms","service":"asset-management-api","timestamp":"2025-10-27 20:20:38"}
{"level":"info","message":"::1 - anonymous [none] \"GET /api/v1/inventory/dead-stock/stats HTTP/1.1\" 404 43 - 27.774 ms","service":"asset-management-api","timestamp":"2025-10-27 20:24:54"}
{"level":"info","message":"::1 - anonymous [none] \"GET /api/v1/inventory/dead-stock/stats HTTP/1.1\" 404 43 - 1.028 ms","service":"asset-management-api","timestamp":"2025-10-27 20:24:54"}
{"level":"info","message":"::1 - 68fe69cd58c0596884c56825 [ADMIN] \"GET /api/v1/assets?status=dead_stock&limit=100 HTTP/1.1\" 200 114 - 853.367 ms","service":"asset-management-api","timestamp":"2025-10-27 20:24:55"}
{"level":"info","message":"::1 - 68fe69cd58c0596884c56825 [ADMIN] \"GET /api/v1/assets?status=dead_stock&limit=100 HTTP/1.1\" 304 - - 6031.865 ms","service":"asset-management-api","timestamp":"2025-10-27 20:25:01"}
{"level":"info","message":"::1 - anonymous [none] \"GET /api/v1/inventory/dead-stock/stats HTTP/1.1\" 404 43 - 12.914 ms","service":"asset-management-api","timestamp":"2025-10-27 20:27:38"}
{"level":"info","message":"::1 - 68fe69cd58c0596884c56825 [ADMIN] \"GET /api/v1/assets?status=dead_stock&limit=100 HTTP/1.1\" 304 - - 147.912 ms","service":"asset-management-api","timestamp":"2025-10-27 20:27:38"}
{"level":"info","message":"::1 - anonymous [none] \"GET /api/v1/dashboard/stats HTTP/1.1\" 401 36 - 9456.486 ms","service":"asset-management-api","timestamp":"2025-10-27 20:28:16"}
{"level":"info","message":"::1 - anonymous [none] \"GET /api/v1/dashboard/activities HTTP/1.1\" 401 47 - 1.406 ms","service":"asset-management-api","timestamp":"2025-10-27 20:28:16"}
{"level":"info","message":"::1 - anonymous [none] \"GET /api/v1/dashboard/approvals HTTP/1.1\" 401 47 - 1.526 ms","service":"asset-management-api","timestamp":"2025-10-27 20:28:16"}
{"level":"info","message":"::1 - anonymous [none] \"GET /api/v1/dashboard/stats HTTP/1.1\" - - - - ms","service":"asset-management-api","timestamp":"2025-10-27 20:28:16"}
{"level":"info","message":"::1 - anonymous [none] \"POST /api/v1/auth/login HTTP/1.1\" 400 33 - 9780.223 ms","service":"asset-management-api","timestamp":"2025-10-27 20:29:56"}
{"level":"info","message":"::1 - anonymous [none] \"POST /api/v1/auth/login HTTP/1.1\" 400 33 - 8676.870 ms","service":"asset-management-api","timestamp":"2025-10-27 20:36:57"}
{"level":"info","message":"::1 - anonymous [none] \"POST /api/v1/auth/login HTTP/1.1\" 200 383 - 1150.726 ms","service":"asset-management-api","timestamp":"2025-10-27 20:40:01"}
{"level":"info","message":"::1 - 68fe69cd58c0596884c56825 [ADMIN] \"GET /api/v1/dashboard/stats HTTP/1.1\" 200 301 - 1114.371 ms","service":"asset-management-api","timestamp":"2025-10-27 20:40:02"}
{"level":"info","message":"::1 - 68fe69cd58c0596884c56825 [ADMIN] \"GET /api/v1/dashboard/activities HTTP/1.1\" 304 - - 178.701 ms","service":"asset-management-api","timestamp":"2025-10-27 20:40:02"}
{"level":"info","message":"::1 - 68fe69cd58c0596884c56825 [ADMIN] \"GET /api/v1/dashboard/approvals HTTP/1.1\" 304 - - 307.993 ms","service":"asset-management-api","timestamp":"2025-10-27 20:40:03"}
{"level":"info","message":"::1 - 68fe69cd58c0596884c56825 [ADMIN] \"GET /api/v1/dashboard/stats HTTP/1.1\" 304 - - 787.596 ms","service":"asset-management-api","timestamp":"2025-10-27 20:40:03"}
{"level":"info","message":"::1 - 68fe69cd58c0596884c56825 [ADMIN] \"GET /api/v1/dashboard/activities HTTP/1.1\" 304 - - 180.814 ms","service":"asset-management-api","timestamp":"2025-10-27 20:40:03"}
{"level":"info","message":"::1 - 68fe69cd58c0596884c56825 [ADMIN] \"GET /api/v1/dashboard/approvals HTTP/1.1\" 304 - - 171.078 ms","service":"asset-management-api","timestamp":"2025-10-27 20:40:03"}
{"level":"info","message":"::1 - 68fe69cd58c0596884c56825 [ADMIN] \"GET /api/v1/dashboard/activities HTTP/1.1\" 304 - - 1140.737 ms","service":"asset-management-api","timestamp":"2025-10-27 20:45:02"}
{"level":"info","message":"::1 - 68fe69cd58c0596884c56825 [ADMIN] \"GET /api/v1/dashboard/approvals HTTP/1.1\" 304 - - 187.067 ms","service":"asset-management-api","timestamp":"2025-10-27 20:45:02"}
{"level":"info","message":"::1 - 68fe69cd58c0596884c56825 [ADMIN] \"GET /api/v1/dashboard/stats HTTP/1.1\" 500 64 - 17801.562 ms","service":"asset-management-api","timestamp":"2025-10-27 20:50:19"}
{"level":"info","message":"::1 - anonymous [none] \"GET /api/v1/dashboard/activities HTTP/1.1\" 401 36 - 5020.925 ms","service":"asset-management-api","timestamp":"2025-10-27 20:50:24"}
{"level":"info","message":"::1 - anonymous [none] \"GET /api/v1/dashboard/approvals HTTP/1.1\" 401 47 - 1.305 ms","service":"asset-management-api","timestamp":"2025-10-27 20:50:24"}
{"level":"info","message":"Database connection established","service":"asset-management-api","timestamp":"2025-10-27 20:55:10"}
{"level":"info","message":"Database connection established","service":"asset-management-api","timestamp":"2025-10-27 20:58:21"}
{"level":"info","message":"Database connection established","service":"asset-management-api","timestamp":"2025-10-27 21:00:54"}
{"level":"info","message":"Server running in development mode on port 5000","service":"asset-management-api","timestamp":"2025-10-27 21:07:49"}
{"level":"info","message":"API Documentation available at http://localhost:5000/api-docs","service":"asset-management-api","timestamp":"2025-10-27 21:07:49"}
{"level":"info","message":"Database connection established","service":"asset-management-api","timestamp":"2025-10-27 21:08:21"}
{"level":"info","message":"::1 - anonymous [none] \"POST /api/v1/auth/login HTTP/1.1\" 500 63 - 5483.268 ms","service":"asset-management-api","timestamp":"2025-10-27 21:13:05"}
{"level":"info","message":"Server running in development mode on port 5000","service":"asset-management-api","timestamp":"2025-10-27 21:24:33"}
{"level":"info","message":"API Documentation available at http://localhost:5000/api-docs","service":"asset-management-api","timestamp":"2025-10-27 21:24:33"}
{"level":"info","message":"Database connection established","service":"asset-management-api","timestamp":"2025-10-27 21:24:48"}
{"level":"info","message":"Server running in development mode on port 5000","service":"asset-management-api","timestamp":"2025-10-27 21:35:45"}
{"level":"info","message":"API Documentation available at http://localhost:5000/api-docs","service":"asset-management-api","timestamp":"2025-10-27 21:35:45"}
{"level":"info","message":"SIGINT signal received: closing HTTP server and database connection","service":"asset-management-api","timestamp":"2025-10-27 21:36:20"}
{"level":"info","message":"HTTP server closed","service":"asset-management-api","timestamp":"2025-10-27 21:36:20"}
{"level":"info","message":"MongoDB connection closed","service":"asset-management-api","timestamp":"2025-10-27 21:36:20"}
{"level":"info","message":"Server running in development mode on port 5000","service":"asset-management-api","timestamp":"2025-10-27 22:01:43"}
{"level":"info","message":"API Documentation available at http://localhost:5000/api-docs","service":"asset-management-api","timestamp":"2025-10-27 22:01:43"}
{"level":"info","message":"Database connection established","service":"asset-management-api","timestamp":"2025-10-27 22:01:45"}
{"level":"info","message":"::1 - anonymous [none] \"GET /api-docs HTTP/1.1\" 301 158 - 3.682 ms","service":"asset-management-api","timestamp":"2025-10-27 22:02:13"}
{"level":"info","message":"::1 - anonymous [none] \"GET /api-docs/ HTTP/1.1\" 200 - - 2.300 ms","service":"asset-management-api","timestamp":"2025-10-27 22:02:13"}
{"level":"info","message":"::1 - anonymous [none] \"GET /api-docs/swagger-ui.css HTTP/1.1\" 304 - - 3.189 ms","service":"asset-management-api","timestamp":"2025-10-27 22:02:13"}
{"level":"info","message":"::1 - anonymous [none] \"GET /api-docs/swagger-ui-bundle.js HTTP/1.1\" 304 - - 4.253 ms","service":"asset-management-api","timestamp":"2025-10-27 22:02:13"}
{"level":"info","message":"::1 - anonymous [none] \"GET /api-docs/swagger-ui-standalone-preset.js HTTP/1.1\" 304 - - 2.135 ms","service":"asset-management-api","timestamp":"2025-10-27 22:02:13"}
{"level":"info","message":"::1 - anonymous [none] \"GET /api-docs/swagger-ui-init.js HTTP/1.1\" 304 - - 0.583 ms","service":"asset-management-api","timestamp":"2025-10-27 22:02:14"}
{"level":"info","message":"::1 - anonymous [none] \"GET /api-docs/favicon-32x32.png HTTP/1.1\" 304 - - 0.965 ms","service":"asset-management-api","timestamp":"2025-10-27 22:02:14"}
{"level":"info","message":"Server running in development mode on port 5000","service":"asset-management-api","timestamp":"2025-10-27 22:10:16"}
{"level":"info","message":"API Documentation available at http://localhost:5000/api-docs","service":"asset-management-api","timestamp":"2025-10-27 22:10:16"}
{"level":"info","message":"SIGINT signal received: closing HTTP server and database connection","service":"asset-management-api","timestamp":"2025-10-27 22:10:39"}
{"level":"info","message":"HTTP server closed","service":"asset-management-api","timestamp":"2025-10-27 22:10:39"}
{"level":"info","message":"MongoDB connection closed","service":"asset-management-api","timestamp":"2025-10-27 22:10:46"}
{"level":"info","message":"Server running in development mode on port 5000","service":"asset-management-api","timestamp":"2025-10-27 22:15:49"}
{"level":"info","message":"API Documentation available at http://localhost:5000/api-docs","service":"asset-management-api","timestamp":"2025-10-27 22:15:49"}
{"level":"info","message":"Database connection established","service":"asset-management-api","timestamp":"2025-10-27 22:15:52"}
{"level":"info","message":"SIGINT signal received: closing HTTP server and database connection","service":"asset-management-api","timestamp":"2025-10-27 22:30:11"}
{"level":"info","message":"HTTP server closed","service":"asset-management-api","timestamp":"2025-10-27 22:30:11"}
{"level":"info","message":"Server running in development mode on port 5000","service":"asset-management-api","timestamp":"2025-10-27 22:31:20"}
{"level":"info","message":"API Documentation available at http://localhost:5000/api-docs","service":"asset-management-api","timestamp":"2025-10-27 22:31:20"}
{"level":"info","message":"Database connection established","service":"asset-management-api","timestamp":"2025-10-27 22:31:58"}
{"level":"info","message":"::1 - anonymous [none] \"POST /api/v1/auth/login HTTP/1.1\" 500 50 - 34160.388 ms","service":"asset-management-api","timestamp":"2025-10-27 22:33:27"}
{"level":"info","message":"::1 - anonymous [none] \"POST /api/v1/auth/login HTTP/1.1\" - - - - ms","service":"asset-management-api","timestamp":"2025-10-27 22:34:10"}
{"level":"info","message":"::1 - anonymous [none] \"POST /api/v1/auth/login HTTP/1.1\" 200 383 - 480.952 ms","service":"asset-management-api","timestamp":"2025-10-27 22:36:11"}
{"level":"info","message":"::1 - 68fe69cd58c0596884c56825 [ADMIN] \"GET /api/v1/dashboard/stats HTTP/1.1\" 200 301 - 3120.514 ms","service":"asset-management-api","timestamp":"2025-10-27 22:36:15"}
{"level":"info","message":"::1 - 68fe69cd58c0596884c56825 [ADMIN] \"GET /api/v1/dashboard/activities HTTP/1.1\" 304 - - 343.065 ms","service":"asset-management-api","timestamp":"2025-10-27 22:36:15"}
{"level":"info","message":"::1 - 68fe69cd58c0596884c56825 [ADMIN] \"GET /api/v1/dashboard/approvals HTTP/1.1\" 304 - - 161.373 ms","service":"asset-management-api","timestamp":"2025-10-27 22:36:15"}
{"level":"info","message":"::1 - 68fe69cd58c0596884c56825 [ADMIN] \"GET /api/v1/dashboard/stats HTTP/1.1\" 304 - - 1178.496 ms","service":"asset-management-api","timestamp":"2025-10-27 22:36:16"}
{"level":"info","message":"::1 - 68fe69cd58c0596884c56825 [ADMIN] \"GET /api/v1/dashboard/activities HTTP/1.1\" 304 - - 247.084 ms","service":"asset-management-api","timestamp":"2025-10-27 22:36:16"}
{"level":"info","message":"::1 - 68fe69cd58c0596884c56825 [ADMIN] \"GET /api/v1/dashboard/approvals HTTP/1.1\" 304 - - 201.201 ms","service":"asset-management-api","timestamp":"2025-10-27 22:36:16"}
{"level":"info","message":"::1 - 68fe69cd58c0596884c56825 [ADMIN] \"GET /api/v1/users HTTP/1.1\" 200 - - 279.121 ms","service":"asset-management-api","timestamp":"2025-10-27 22:36:24"}
{"level":"info","message":"::1 - 68fe69cd58c0596884c56825 [ADMIN] \"GET /api/v1/users HTTP/1.1\" 200 - - 238.863 ms","service":"asset-management-api","timestamp":"2025-10-27 22:36:24"}
{"level":"info","message":"::1 - 68fe69cd58c0596884c56825 [ADMIN] \"PUT /api/v1/users/68ff71d2b4dfb1e4b9be72c5 HTTP/1.1\" 200 446 - 242.948 ms","service":"asset-management-api","timestamp":"2025-10-27 22:37:41"}
{"level":"info","message":"::1 - 68fe69cd58c0596884c56825 [ADMIN] \"GET /api/v1/users HTTP/1.1\" 200 - - 165.631 ms","service":"asset-management-api","timestamp":"2025-10-27 22:37:41"}
{"level":"info","message":"::1 - 68fe69cd58c0596884c56825 [ADMIN] \"PUT /api/v1/users/68ff71d2b4dfb1e4b9be72c5 HTTP/1.1\" 200 447 - 257.897 ms","service":"asset-management-api","timestamp":"2025-10-27 22:38:03"}
{"level":"info","message":"::1 - 68fe69cd58c0596884c56825 [ADMIN] \"GET /api/v1/users HTTP/1.1\" 200 - - 221.657 ms","service":"asset-management-api","timestamp":"2025-10-27 22:38:03"}
{"level":"info","message":"::1 - 68fe69cd58c0596884c56825 [ADMIN] \"GET /api/v1/users HTTP/1.1\" 200 - - 245.098 ms","service":"asset-management-api","timestamp":"2025-10-27 22:38:15"}
{"level":"info","message":"::1 - 68fe69cd58c0596884c56825 [ADMIN] \"GET /api/v1/users HTTP/1.1\" 200 - - 206.782 ms","service":"asset-management-api","timestamp":"2025-10-27 22:38:15"}
{"level":"info","message":"::1 - 68fe69cd58c0596884c56825 [ADMIN] \"GET /api/v1/assets HTTP/1.1\" 304 - - 455.382 ms","service":"asset-management-api","timestamp":"2025-10-27 22:38:29"}
{"level":"info","message":"::1 - 68fe69cd58c0596884c56825 [ADMIN] \"GET /api/v1/assets HTTP/1.1\" 304 - - 500.174 ms","service":"asset-management-api","timestamp":"2025-10-27 22:38:30"}
{"level":"info","message":"::1 - 68fe69cd58c0596884c56825 [ADMIN] \"GET /api/v1/assets/categories HTTP/1.1\" 400 124 - 91.921 ms","service":"asset-management-api","timestamp":"2025-10-27 22:38:54"}
{"level":"info","message":"::1 - 68fe69cd58c0596884c56825 [ADMIN] \"GET /api/v1/assets/categories HTTP/1.1\" 400 124 - 89.141 ms","service":"asset-management-api","timestamp":"2025-10-27 22:38:54"}
{"level":"info","message":"Dead stock stats retrieved","service":"asset-management-api","timestamp":"2025-10-27 22:39:03","userId":"68fe69cd58c0596884c56825"}
{"level":"info","message":"::1 - 68fe69cd58c0596884c56825 [ADMIN] \"GET /api/v1/inventory/dead-stock/stats HTTP/1.1\" 200 85 - 1647.810 ms","service":"asset-management-api","timestamp":"2025-10-27 22:39:03"}
{"count":15,"level":"info","limit":"100","message":"Dead stock items retrieved","page":1,"service":"asset-management-api","timestamp":"2025-10-27 22:39:03","userId":"68fe69cd58c0596884c56825"}
{"level":"info","message":"::1 - 68fe69cd58c0596884c56825 [ADMIN] \"GET /api/v1/inventory/dead-stock?limit=100 HTTP/1.1\" 200 - - 1826.247 ms","service":"asset-management-api","timestamp":"2025-10-27 22:39:03"}
{"level":"info","message":"Dead stock stats retrieved","service":"asset-management-api","timestamp":"2025-10-27 22:39:03","userId":"68fe69cd58c0596884c56825"}
{"level":"info","message":"::1 - 68fe69cd58c0596884c56825 [ADMIN] \"GET /api/v1/inventory/dead-stock/stats HTTP/1.1\" 304 - - 240.125 ms","service":"asset-management-api","timestamp":"2025-10-27 22:39:03"}
{"count":15,"level":"info","limit":"100","message":"Dead stock items retrieved","page":1,"service":"asset-management-api","timestamp":"2025-10-27 22:39:03","userId":"68fe69cd58c0596884c56825"}
{"level":"info","message":"::1 - 68fe69cd58c0596884c56825 [ADMIN] \"GET /api/v1/inventory/dead-stock?limit=100 HTTP/1.1\" 304 - - 486.018 ms","service":"asset-management-api","timestamp":"2025-10-27 22:39:03"}
{"level":"info","message":"::1 - 68fe69cd58c0596884c56825 [ADMIN] \"GET /api/v1/assets/categories HTTP/1.1\" 400 124 - 450.552 ms","service":"asset-management-api","timestamp":"2025-10-27 22:39:10"}
{"level":"info","message":"::1 - 68fe69cd58c0596884c56825 [ADMIN] \"GET /api/v1/assets/categories HTTP/1.1\" 400 124 - 451.378 ms","service":"asset-management-api","timestamp":"2025-10-27 22:39:10"}
{"count":15,"level":"info","limit":"100","message":"Dead stock items retrieved","page":1,"service":"asset-management-api","timestamp":"2025-10-27 22:39:17","userId":"68fe69cd58c0596884c56825"}
{"level":"info","message":"::1 - 68fe69cd58c0596884c56825 [ADMIN] \"GET /api/v1/inventory/dead-stock?limit=100 HTTP/1.1\" 304 - - 392.773 ms","service":"asset-management-api","timestamp":"2025-10-27 22:39:17"}
{"level":"info","message":"Dead stock stats retrieved","service":"asset-management-api","timestamp":"2025-10-27 22:39:17","userId":"68fe69cd58c0596884c56825"}
{"level":"info","message":"::1 - 68fe69cd58c0596884c56825 [ADMIN] \"GET /api/v1/inventory/dead-stock/stats HTTP/1.1\" 304 - - 638.800 ms","service":"asset-management-api","timestamp":"2025-10-27 22:39:17"}
{"count":15,"level":"info","limit":"100","message":"Dead stock items retrieved","page":1,"service":"asset-management-api","timestamp":"2025-10-27 22:39:18","userId":"68fe69cd58c0596884c56825"}
{"level":"info","message":"::1 - 68fe69cd58c0596884c56825 [ADMIN] \"GET /api/v1/inventory/dead-stock?limit=100 HTTP/1.1\" 304 - - 299.478 ms","service":"asset-management-api","timestamp":"2025-10-27 22:39:18"}
{"level":"info","message":"Dead stock stats retrieved","service":"asset-management-api","timestamp":"2025-10-27 22:39:18","userId":"68fe69cd58c0596884c56825"}
{"level":"info","message":"::1 - 68fe69cd58c0596884c56825 [ADMIN] \"GET /api/v1/inventory/dead-stock/stats HTTP/1.1\" 304 - - 283.401 ms","service":"asset-management-api","timestamp":"2025-10-27 22:39:18"}
{"count":20,"level":"info","message":"Disposal records retrieved","service":"asset-management-api","timestamp":"2025-10-27 22:39:23","userId":"68fe69cd58c0596884c56825"}
{"level":"info","message":"::1 - 68fe69cd58c0596884c56825 [ADMIN] \"GET /api/v1/inventory/disposal-records HTTP/1.1\" 200 - - 248.837 ms","service":"asset-management-api","timestamp":"2025-10-27 22:39:23"}
{"count":20,"level":"info","message":"Disposal records retrieved","service":"asset-management-api","timestamp":"2025-10-27 22:39:23","userId":"68fe69cd58c0596884c56825"}
{"level":"info","message":"::1 - 68fe69cd58c0596884c56825 [ADMIN] \"GET /api/v1/inventory/disposal-records HTTP/1.1\" 304 - - 258.457 ms","service":"asset-management-api","timestamp":"2025-10-27 22:39:23"}
{"level":"info","message":"::1 - anonymous [none] \"GET /api/v1/reports/templates HTTP/1.1\" 404 43 - 3.255 ms","service":"asset-management-api","timestamp":"2025-10-27 22:39:33"}
{"level":"info","message":"::1 - anonymous [none] \"GET /api/v1/reports/history HTTP/1.1\" 404 43 - 26.884 ms","service":"asset-management-api","timestamp":"2025-10-27 22:39:33"}
{"level":"info","message":"::1 - anonymous [none] \"GET /api/v1/reports/templates HTTP/1.1\" 404 43 - 3.331 ms","service":"asset-management-api","timestamp":"2025-10-27 22:39:33"}
{"level":"info","message":"::1 - anonymous [none] \"GET /api/v1/reports/history HTTP/1.1\" 404 43 - 4.856 ms","service":"asset-management-api","timestamp":"2025-10-27 22:39:33"}
{"level":"info","message":"::1 - anonymous [none] \"GET /api/v1/audit-logs HTTP/1.1\" 404 43 - 1.689 ms","service":"asset-management-api","timestamp":"2025-10-27 22:39:54"}
{"level":"info","message":"::1 - anonymous [none] \"GET /api/v1/audit-logs HTTP/1.1\" 404 43 - 1.373 ms","service":"asset-management-api","timestamp":"2025-10-27 22:39:54"}
{"level":"info","message":"::1 - anonymous [none] \"GET /api/v1/settings HTTP/1.1\" 404 43 - 1.335 ms","service":"asset-management-api","timestamp":"2025-10-27 22:39:57"}
{"level":"info","message":"::1 - anonymous [none] \"GET /api/v1/settings HTTP/1.1\" 404 43 - 0.984 ms","service":"asset-management-api","timestamp":"2025-10-27 22:39:58"}
{"level":"info","message":"::1 - anonymous [none] \"PUT /api/v1/settings/sec-001 HTTP/1.1\" 404 43 - 0.396 ms","service":"asset-management-api","timestamp":"2025-10-27 22:40:23"}
{"level":"info","message":"::1 - 68fe69cd58c0596884c56825 [ADMIN] \"GET /api/v1/assets HTTP/1.1\" 304 - - 547.531 ms","service":"asset-management-api","timestamp":"2025-10-27 22:40:41"}
{"level":"info","message":"::1 - 68fe69cd58c0596884c56825 [ADMIN] \"GET /api/v1/assets HTTP/1.1\" 304 - - 559.404 ms","service":"asset-management-api","timestamp":"2025-10-27 22:40:42"}
{"level":"info","message":"::1 - 68fe69cd58c0596884c56825 [ADMIN] \"GET /api/v1/users/profile HTTP/1.1\" 200 287 - 220.610 ms","service":"asset-management-api","timestamp":"2025-10-27 22:41:46"}
{"level":"info","message":"::1 - 68fe69cd58c0596884c56825 [ADMIN] \"GET /api/v1/users/profile HTTP/1.1\" 304 - - 266.790 ms","service":"asset-management-api","timestamp":"2025-10-27 22:41:46"}
{"level":"info","message":"Dead stock stats retrieved","service":"asset-management-api","timestamp":"2025-10-27 22:41:47","userId":"68fe69cd58c0596884c56825"}
{"level":"info","message":"::1 - 68fe69cd58c0596884c56825 [ADMIN] \"GET /api/v1/inventory/dead-stock/stats HTTP/1.1\" 304 - - 1588.401 ms","service":"asset-management-api","timestamp":"2025-10-27 22:41:47"}
{"level":"info","message":"Dead stock stats retrieved","service":"asset-management-api","timestamp":"2025-10-27 22:41:48","userId":"68fe69cd58c0596884c56825"}
{"level":"info","message":"::1 - 68fe69cd58c0596884c56825 [ADMIN] \"GET /api/v1/inventory/dead-stock/stats HTTP/1.1\" 304 - - 300.577 ms","service":"asset-management-api","timestamp":"2025-10-27 22:41:48"}
{"count":15,"level":"info","limit":"100","message":"Dead stock items retrieved","page":1,"service":"asset-management-api","timestamp":"2025-10-27 22:41:49","userId":"68fe69cd58c0596884c56825"}
{"level":"info","message":"::1 - 68fe69cd58c0596884c56825 [ADMIN] \"GET /api/v1/inventory/dead-stock?limit=100 HTTP/1.1\" 304 - - 3024.624 ms","service":"asset-management-api","timestamp":"2025-10-27 22:41:49"}
{"count":15,"level":"info","limit":"100","message":"Dead stock items retrieved","page":1,"service":"asset-management-api","timestamp":"2025-10-27 22:41:49","userId":"68fe69cd58c0596884c56825"}
{"level":"info","message":"::1 - 68fe69cd58c0596884c56825 [ADMIN] \"GET /api/v1/inventory/dead-stock?limit=100 HTTP/1.1\" 304 - - 438.229 ms","service":"asset-management-api","timestamp":"2025-10-27 22:41:49"}
{"count":20,"level":"info","message":"Disposal records retrieved","service":"asset-management-api","timestamp":"2025-10-27 22:42:11","userId":"68fe69cd58c0596884c56825"}
{"level":"info","message":"::1 - 68fe69cd58c0596884c56825 [ADMIN] \"GET /api/v1/inventory/disposal-records HTTP/1.1\" 304 - - 241.854 ms","service":"asset-management-api","timestamp":"2025-10-27 22:42:11"}
{"count":20,"level":"info","message":"Disposal records retrieved","service":"asset-management-api","timestamp":"2025-10-27 22:42:11","userId":"68fe69cd58c0596884c56825"}
{"level":"info","message":"::1 - 68fe69cd58c0596884c56825 [ADMIN] \"GET /api/v1/inventory/disposal-records HTTP/1.1\" 304 - - 376.706 ms","service":"asset-management-api","timestamp":"2025-10-27 22:42:11"}
{"level":"info","message":"::1 - 68fe69cd58c0596884c56825 [ADMIN] \"GET /api/v1/users/profile HTTP/1.1\" 304 - - 413.641 ms","service":"asset-management-api","timestamp":"2025-10-27 22:42:27"}
{"level":"info","message":"::1 - 68fe69cd58c0596884c56825 [ADMIN] \"GET /api/v1/assets/categories HTTP/1.1\" 400 124 - 219.739 ms","service":"asset-management-api","timestamp":"2025-10-27 22:42:27"}
{"level":"info","message":"::1 - 68fe69cd58c0596884c56825 [ADMIN] \"GET /api/v1/users/profile HTTP/1.1\" 304 - - 300.218 ms","service":"asset-management-api","timestamp":"2025-10-27 22:42:27"}
{"level":"info","message":"::1 - 68fe69cd58c0596884c56825 [ADMIN] \"GET /api/v1/assets/categories HTTP/1.1\" 400 124 - 140.330 ms","service":"asset-management-api","timestamp":"2025-10-27 22:42:27"}
{"level":"info","message":"::1 - 68fe69cd58c0596884c56825 [ADMIN] \"GET /api/v1/assets HTTP/1.1\" 304 - - 787.924 ms","service":"asset-management-api","timestamp":"2025-10-27 22:44:49"}
{"level":"info","message":"::1 - 68fe69cd58c0596884c56825 [ADMIN] \"GET /api/v1/assets HTTP/1.1\" 304 - - 379.754 ms","service":"asset-management-api","timestamp":"2025-10-27 22:44:49"}
{"level":"info","message":"SIGINT signal received: closing HTTP server and database connection","service":"asset-management-api","timestamp":"2025-10-27 22:51:22"}
{"level":"info","message":"HTTP server closed","service":"asset-management-api","timestamp":"2025-10-27 22:51:22"}
{"level":"info","message":"Server running in development mode on port 5000","service":"asset-management-api","timestamp":"2025-10-27 22:51:29"}
{"level":"info","message":"API Documentation available at http://localhost:5000/api-docs","service":"asset-management-api","timestamp":"2025-10-27 22:51:29"}
{"level":"info","message":"Database connection established","service":"asset-management-api","timestamp":"2025-10-27 22:52:18"}
{"level":"info","message":"::1 - anonymous [none] \"POST /api/v1/auth/login HTTP/1.1\" 200 383 - 509.322 ms","service":"asset-management-api","timestamp":"2025-10-27 22:54:33"}
{"level":"info","message":"::1 - 68fe69cd58c0596884c56825 [ADMIN] \"GET /api/v1/dashboard/stats HTTP/1.1\" 200 301 - 1750.070 ms","service":"asset-management-api","timestamp":"2025-10-27 22:54:34"}
{"level":"info","message":"::1 - 68fe69cd58c0596884c56825 [ADMIN] \"GET /api/v1/dashboard/activities HTTP/1.1\" 304 - - 388.421 ms","service":"asset-management-api","timestamp":"2025-10-27 22:54:35"}
{"level":"info","message":"::1 - 68fe69cd58c0596884c56825 [ADMIN] \"GET /api/v1/dashboard/approvals HTTP/1.1\" 304 - - 333.808 ms","service":"asset-management-api","timestamp":"2025-10-27 22:54:35"}
{"level":"info","message":"::1 - 68fe69cd58c0596884c56825 [ADMIN] \"GET /api/v1/dashboard/stats HTTP/1.1\" 304 - - 1260.658 ms","service":"asset-management-api","timestamp":"2025-10-27 22:54:36"}
{"level":"info","message":"::1 - 68fe69cd58c0596884c56825 [ADMIN] \"GET /api/v1/dashboard/activities HTTP/1.1\" 304 - - 157.398 ms","service":"asset-management-api","timestamp":"2025-10-27 22:54:36"}
{"level":"info","message":"::1 - 68fe69cd58c0596884c56825 [ADMIN] \"GET /api/v1/dashboard/approvals HTTP/1.1\" 304 - - 170.043 ms","service":"asset-management-api","timestamp":"2025-10-27 22:54:36"}
{"level":"info","message":"::1 - anonymous [none] \"GET /api/v1/inventory/dead-stock/stats HTTP/1.1\" 401 36 - 43545.745 ms","service":"asset-management-api","timestamp":"2025-10-27 22:56:27"}
{"level":"info","message":"::1 - anonymous [none] \"GET /api/v1/inventory/dead-stock?limit=100 HTTP/1.1\" - - - - ms","service":"asset-management-api","timestamp":"2025-10-27 22:56:27"}
{"level":"info","message":"::1 - anonymous [none] \"GET /api/v1/inventory/dead-stock?limit=100 HTTP/1.1\" - - - - ms","service":"asset-management-api","timestamp":"2025-10-27 22:56:27"}
{"level":"info","message":"::1 - anonymous [none] \"GET /api/v1/inventory/dead-stock/stats HTTP/1.1\" - - - - ms","service":"asset-management-api","timestamp":"2025-10-27 22:56:27"}
{"level":"info","message":"::1 - anonymous [none] \"POST /api/v1/auth/login HTTP/1.1\" 500 52 - 30034.416 ms","service":"asset-management-api","timestamp":"2025-10-27 22:57:07"}
{"level":"info","message":"::1 - anonymous [none] \"POST /api/v1/auth/login HTTP/1.1\" 200 383 - 22475.321 ms","service":"asset-management-api","timestamp":"2025-10-27 23:00:12"}
{"level":"info","message":"::1 - 68fe69cd58c0596884c56825 [ADMIN] \"GET /api/v1/dashboard/stats HTTP/1.1\" 304 - - 19791.587 ms","service":"asset-management-api","timestamp":"2025-10-27 23:00:32"}
{"level":"info","message":"::1 - 68fe69cd58c0596884c56825 [ADMIN] \"GET /api/v1/dashboard/stats HTTP/1.1\" 500 64 - 45605.453 ms","service":"asset-management-api","timestamp":"2025-10-27 23:01:17"}
{"level":"info","message":"::1 - 68fe69cd58c0596884c56825 [ADMIN] \"GET /api/v1/dashboard/activities HTTP/1.1\" 500 61 - 45684.447 ms","service":"asset-management-api","timestamp":"2025-10-27 23:01:18"}
{"level":"info","message":"::1 - anonymous [none] \"GET /api/v1/dashboard/activities HTTP/1.1\" 401 36 - 30045.906 ms","service":"asset-management-api","timestamp":"2025-10-27 23:01:48"}
{"level":"info","message":"::1 - anonymous [none] \"GET /api/v1/dashboard/approvals HTTP/1.1\" 401 36 - 30077.099 ms","service":"asset-management-api","timestamp":"2025-10-27 23:01:48"}
{"level":"info","message":"::1 - anonymous [none] \"GET /api/v1/dashboard/approvals HTTP/1.1\" 401 47 - 4.722 ms","service":"asset-management-api","timestamp":"2025-10-27 23:01:48"}
{"level":"info","message":"::1 - anonymous [none] \"GET /favicon.ico HTTP/1.1\" 404 43 - 4.414 ms","service":"asset-management-api","timestamp":"2025-10-27 23:31:23"}
{"error":"connection 71 to 159.41.182.249:27017 closed","level":"error","message":"Health check failed","service":"asset-management-api","timestamp":"2025-10-27 23:32:09"}
{"error":"connection 73 to 159.41.182.249:27017 closed","level":"error","message":"Health check failed","service":"asset-management-api","timestamp":"2025-10-27 23:32:11"}
{"level":"info","message":"::1 - anonymous [none] \"GET /favicon.ico HTTP/1.1\" 404 43 - 1.594 ms","service":"asset-management-api","timestamp":"2025-10-27 23:32:19"}
{"level":"info","message":"SIGINT signal received: closing HTTP server and database connection","service":"asset-management-api","timestamp":"2025-10-27 23:42:55"}
